Using pre-set license
Built from '2021.3/staging' branch; Version is '2021.3.11f1 (0a5ca18544bf) revision 679073'; Using compiler version '192829333'; Build Type 'Release'
OS: 'Windows 11  (10.0.22000) 64bit Professional' Language: 'en' Physical Memory: 14197 MB
BatchMode: 1, IsHumanControllingUs: 0, StartBugReporterOnCrash: 0, Is64bit: 1, IsPro: 1

COMMAND LINE ARGUMENTS:
C:\Program Files\Unity\Hub\Editor\2021.3.11f1\Editor\Unity.exe
-adb2
-batchMode
-noUpm
-name
AssetImportWorker5
-projectPath
C:/Users/plays/OneDrive/Desktop/ASII/killerpredate-ASII
-logFile
Logs/AssetImportWorker5.log
-srvPort
61285
Successfully changed project path to: C:/Users/plays/OneDrive/Desktop/ASII/killerpredate-ASII
C:/Users/plays/OneDrive/Desktop/ASII/killerpredate-ASII
[UnityMemory] Configuration Parameters - Can be set up in boot.config
    "memorysetup-bucket-allocator-granularity=16"
    "memorysetup-bucket-allocator-bucket-count=8"
    "memorysetup-bucket-allocator-block-size=33554432"
    "memorysetup-bucket-allocator-block-count=8"
    "memorysetup-main-allocator-block-size=16777216"
    "memorysetup-thread-allocator-block-size=16777216"
    "memorysetup-gfx-main-allocator-block-size=16777216"
    "memorysetup-gfx-thread-allocator-block-size=16777216"
    "memorysetup-cache-allocator-block-size=4194304"
    "memorysetup-typetree-allocator-block-size=2097152"
    "memorysetup-profiler-bucket-allocator-granularity=16"
    "memorysetup-profiler-bucket-allocator-bucket-count=8"
    "memorysetup-profiler-bucket-allocator-block-size=33554432"
    "memorysetup-profiler-bucket-allocator-block-count=8"
    "memorysetup-profiler-allocator-block-size=16777216"
    "memorysetup-profiler-editor-allocator-block-size=1048576"
    "memorysetup-temp-allocator-size-main=16777216"
    "memorysetup-job-temp-allocator-block-size=2097152"
    "memorysetup-job-temp-allocator-block-size-background=1048576"
    "memorysetup-job-temp-allocator-reduction-small-platforms=262144"
    "memorysetup-temp-allocator-size-background-worker=32768"
    "memorysetup-temp-allocator-size-job-worker=262144"
    "memorysetup-temp-allocator-size-preload-manager=33554432"
    "memorysetup-temp-allocator-size-nav-mesh-worker=65536"
    "memorysetup-temp-allocator-size-audio-worker=65536"
    "memorysetup-temp-allocator-size-cloud-worker=32768"
    "memorysetup-temp-allocator-size-gi-baking-worker=262144"
    "memorysetup-temp-allocator-size-gfx=262144"
Refreshing native plugins compatible for Editor in 150.38 ms, found 3 plugins.
Preloading 0 native plugins for Editor in 0.00 ms.
Initialize engine version: 2021.3.11f1 (0a5ca18544bf)
[Subsystems] Discovering subsystems at path C:/Program Files/Unity/Hub/Editor/2021.3.11f1/Editor/Data/Resources/UnitySubsystems
[Subsystems] Discovering subsystems at path C:/Users/plays/OneDrive/Desktop/ASII/killerpredate-ASII/Assets
GfxDevice: creating device client; threaded=0; jobified=0
Direct3D:
    Version:  Direct3D 11.0 [level 11.1]
    Renderer: AMD Radeon(TM) Graphics (ID=0x164c)
    Vendor:   ATI
    VRAM:     7098 MB
    Driver:   27.20.15026.8004
Initialize mono
Mono path[0] = 'C:/Program Files/Unity/Hub/Editor/2021.3.11f1/Editor/Data/Managed'
Mono path[1] = 'C:/Program Files/Unity/Hub/Editor/2021.3.11f1/Editor/Data/MonoBleedingEdge/lib/mono/unityjit-win32'
Mono config path = 'C:/Program Files/Unity/Hub/Editor/2021.3.11f1/Editor/Data/MonoBleedingEdge/etc'
Using monoOptions --debugger-agent=transport=dt_socket,embedding=1,server=y,suspend=n,address=127.0.0.1:56904
Begin MonoManager ReloadAssembly
Registering precompiled unity dll's ...
Register platform support module: C:/Program Files/Unity/Hub/Editor/2021.3.11f1/Editor/Data/PlaybackEngines/WindowsStandaloneSupport/UnityEditor.WindowsStandalone.Extensions.dll
Registered in 0.003963 seconds.
Native extension for WindowsStandalone target not found
Refreshing native plugins compatible for Editor in 130.75 ms, found 3 plugins.
Preloading 0 native plugins for Editor in 0.00 ms.
Mono: successfully reloaded assembly
- Completed reload, in  0.672 seconds
Domain Reload Profiling:
	ReloadAssembly (673ms)
		BeginReloadAssembly (65ms)
			ExecutionOrderSort (0ms)
			DisableScriptedObjects (0ms)
			BackupInstance (0ms)
			ReleaseScriptingObjects (0ms)
			CreateAndSetChildDomain (1ms)
		EndReloadAssembly (502ms)
			LoadAssemblies (63ms)
			RebuildTransferFunctionScriptingTraits (0ms)
			SetupTypeCache (96ms)
			ReleaseScriptCaches (0ms)
			RebuildScriptCaches (30ms)
			SetupLoadedEditorAssemblies (326ms)
				LogAssemblyErrors (0ms)
				InitializePlatformSupportModulesInManaged (8ms)
				SetLoadedEditorAssemblies (0ms)
				RefreshPlugins (131ms)
				BeforeProcessingInitializeOnLoad (1ms)
				ProcessInitializeOnLoadAttributes (144ms)
				ProcessInitializeOnLoadMethodAttributes (42ms)
				AfterProcessingInitializeOnLoad (0ms)
				EditorAssembliesLoaded (0ms)
			ExecutionOrderSort2 (0ms)
			AwakeInstancesAfterBackupRestoration (0ms)
Platform modules already initialized, skipping
Registering precompiled user dll's ...
Registered in 0.012518 seconds.
Begin MonoManager ReloadAssembly
Symbol file LoadedFromMemory is not a mono symbol file
Symbol file LoadedFromMemory doesn't match image C:\Users\plays\OneDrive\Desktop\ASII\killerpredate-ASII\Library\PackageCache\com.unity.visualscripting@1.7.8\Editor\VisualScripting.Core\Dependencies\YamlDotNet\Unity.VisualScripting.YamlDotNet.dll
Symbol file LoadedFromMemory doesn't match image C:\Users\plays\OneDrive\Desktop\ASII\killerpredate-ASII\Library\PackageCache\com.unity.visualscripting@1.7.8\Editor\VisualScripting.Core\Dependencies\DotNetZip\Unity.VisualScripting.IonicZip.dll
Native extension for WindowsStandalone target not found
Refreshing native plugins compatible for Editor in 127.88 ms, found 3 plugins.
Preloading 0 native plugins for Editor in 0.00 ms.
Mono: successfully reloaded assembly
- Completed reload, in  1.445 seconds
Domain Reload Profiling:
	ReloadAssembly (1446ms)
		BeginReloadAssembly (111ms)
			ExecutionOrderSort (0ms)
			DisableScriptedObjects (6ms)
			BackupInstance (0ms)
			ReleaseScriptingObjects (0ms)
			CreateAndSetChildDomain (21ms)
		EndReloadAssembly (1210ms)
			LoadAssemblies (102ms)
			RebuildTransferFunctionScriptingTraits (0ms)
			SetupTypeCache (340ms)
			ReleaseScriptCaches (1ms)
			RebuildScriptCaches (67ms)
			SetupLoadedEditorAssemblies (657ms)
				LogAssemblyErrors (0ms)
				InitializePlatformSupportModulesInManaged (3ms)
				SetLoadedEditorAssemblies (0ms)
				RefreshPlugins (128ms)
				BeforeProcessingInitializeOnLoad (133ms)
				ProcessInitializeOnLoadAttributes (340ms)
				ProcessInitializeOnLoadMethodAttributes (47ms)
				AfterProcessingInitializeOnLoad (5ms)
				EditorAssembliesLoaded (0ms)
			ExecutionOrderSort2 (0ms)
			AwakeInstancesAfterBackupRestoration (5ms)
Platform modules already initialized, skipping
========================================================================
Worker process is ready to serve import requests
Launched and connected shader compiler UnityShaderCompiler.exe after 0.04 seconds
Refreshing native plugins compatible for Editor in 1.12 ms, found 3 plugins.
Preloading 0 native plugins for Editor in 0.00 ms.
Unloading 5648 Unused Serialized files (Serialized files now loaded: 0)
Unloading 55 unused Assets / (159.1 KB). Loaded Objects now: 6110.
Memory consumption went from 219.0 MB to 218.9 MB.
Total: 6.188800 ms (FindLiveObjects: 1.308000 ms CreateObjectMapping: 0.310100 ms MarkObjects: 4.337300 ms  DeleteObjects: 0.231700 ms)

AssetImportParameters requested are different than current active one (requested -> active):
  custom:video-decoder-ogg-theora: a1e56fd34408186e4bbccfd4996cb3dc -> 
  custom:container-muxer-webm: aa71ff27fc2769a1b78a27578f13a17b -> 
  custom:container-demuxer-webm: 4f35f7cbe854078d1ac9338744f61a02 -> 
  custom:video-encoder-webm-vp8: eb34c28f22e8b96e1ab97ce403110664 -> 
  custom:audio-encoder-webm-vorbis: bf7c407c2cedff20999df2af8eb42d56 -> 
  custom:framework-win-MediaFoundation: 216162199b28c13a410421893ffa2e32 -> 
  custom:container-demuxer-ogg: 62fdf1f143b41e24485cea50d1cbac27 -> 
  custom:video-decoder-webm-vp8: 9c59270c3fd7afecdb556c50c9e8de78 -> 
  custom:audio-decoder-ogg-vorbis: bf7c407c2cedff20999df2af8eb42d56 -> 
========================================================================
Received Import Request.
  Time since last request: 99080.123463 seconds.
  path: Assets/Textures/Wenrexa Interface UI KIT #4/PNG 1/Button02.png
  artifactKey: Guid(4264e34d7fa2ebf44aa33d93ea9f3e06) Importer(815301076,1909f56bfc062723c751e8b465ee728b)
Start importing Assets/Textures/Wenrexa Interface UI KIT #4/PNG 1/Button02.png using Guid(4264e34d7fa2ebf44aa33d93ea9f3e06) Importer(815301076,1909f56bfc062723c751e8b465ee728b)  -> (artifact id: '5da14fa6ca01b965ed66f74fab641d07') in 0.092053 seconds 
========================================================================
Received Import Request.
  Time since last request: 0.000035 seconds.
  path: Assets/Textures/Wenrexa Interface UI KIT #4/PNG 1/Icon18.png
  artifactKey: Guid(64997887f4f1dfb46b970a487f5e32fa) Importer(815301076,1909f56bfc062723c751e8b465ee728b)
Start importing Assets/Textures/Wenrexa Interface UI KIT #4/PNG 1/Icon18.png using Guid(64997887f4f1dfb46b970a487f5e32fa) Importer(815301076,1909f56bfc062723c751e8b465ee728b)  -> (artifact id: 'b7b7a5db5a75bc09581d274d165f47fb') in 0.020221 seconds 
========================================================================
Received Import Request.
  Time since last request: 0.000040 seconds.
  path: Assets/Textures/Wenrexa Interface UI KIT #4/PNG 1/Icon17.png
  artifactKey: Guid(b52c7aa66d549f749b4254d06262955a) Importer(815301076,1909f56bfc062723c751e8b465ee728b)
Start importing Assets/Textures/Wenrexa Interface UI KIT #4/PNG 1/Icon17.png using Guid(b52c7aa66d549f749b4254d06262955a) Importer(815301076,1909f56bfc062723c751e8b465ee728b)  -> (artifact id: 'ad1f94c775c14780f9fabb153a3ec9d3') in 0.017846 seconds 
========================================================================
Received Import Request.
  Time since last request: 0.000051 seconds.
  path: Assets/Textures/Wenrexa Interface UI KIT #4/PNG 1/Icon20.png
  artifactKey: Guid(e9211f0fbc6deb64d8f9d47b7528a0bf) Importer(815301076,1909f56bfc062723c751e8b465ee728b)
Start importing Assets/Textures/Wenrexa Interface UI KIT #4/PNG 1/Icon20.png using Guid(e9211f0fbc6deb64d8f9d47b7528a0bf) Importer(815301076,1909f56bfc062723c751e8b465ee728b)  -> (artifact id: '80d22fc5f68b2c3eda375f49579b1c66') in 0.021010 seconds 
========================================================================
Received Import Request.
  Time since last request: 0.000075 seconds.
  path: Assets/Textures/Wenrexa Interface UI KIT #4/PNG 1/ResIcon03.png
  artifactKey: Guid(caafd011f102e2a40b543c40cdfb97c3) Importer(815301076,1909f56bfc062723c751e8b465ee728b)
Start importing Assets/Textures/Wenrexa Interface UI KIT #4/PNG 1/ResIcon03.png using Guid(caafd011f102e2a40b543c40cdfb97c3) Importer(815301076,1909f56bfc062723c751e8b465ee728b)  -> (artifact id: '2c18b719ffa09c90e8403521645b7922') in 0.013302 seconds 
========================================================================
Received Import Request.
  Time since last request: 0.000056 seconds.
  path: Assets/Textures/Wenrexa Interface UI KIT #4/PNG 1/Icon21.png
  artifactKey: Guid(ea7d183f0344d5b4092fe3eb417e76c2) Importer(815301076,1909f56bfc062723c751e8b465ee728b)
Start importing Assets/Textures/Wenrexa Interface UI KIT #4/PNG 1/Icon21.png using Guid(ea7d183f0344d5b4092fe3eb417e76c2) Importer(815301076,1909f56bfc062723c751e8b465ee728b)  -> (artifact id: 'd61ba443968aa2a5ba29fb4c41c1026e') in 0.012461 seconds 
========================================================================
Received Import Request.
  Time since last request: 0.000047 seconds.
  path: Assets/Textures/Wenrexa Interface UI KIT #4/PNG 1/Icon07.png
  artifactKey: Guid(91f71594980758349be3aeb0f565f85a) Importer(815301076,1909f56bfc062723c751e8b465ee728b)
Start importing Assets/Textures/Wenrexa Interface UI KIT #4/PNG 1/Icon07.png using Guid(91f71594980758349be3aeb0f565f85a) Importer(815301076,1909f56bfc062723c751e8b465ee728b)  -> (artifact id: '98970089a2daf23700b67a2a7c291e40') in 0.013701 seconds 
========================================================================
Received Import Request.
  Time since last request: 0.000050 seconds.
  path: Assets/Textures/Wenrexa Interface UI KIT #4/PNG 1/Icon11.png
  artifactKey: Guid(1c8da2803e77cec418fbccd73aa9373c) Importer(815301076,1909f56bfc062723c751e8b465ee728b)
Start importing Assets/Textures/Wenrexa Interface UI KIT #4/PNG 1/Icon11.png using Guid(1c8da2803e77cec418fbccd73aa9373c) Importer(815301076,1909f56bfc062723c751e8b465ee728b)  -> (artifact id: 'f6bafbe726120038516a1183777502ed') in 0.055312 seconds 
========================================================================
Received Import Request.
  Time since last request: 0.000062 seconds.
  path: Assets/Textures/Wenrexa Interface UI KIT #4/PNG 1/Icon15.png
  artifactKey: Guid(96373beb866d1634090bf61e8d36270e) Importer(815301076,1909f56bfc062723c751e8b465ee728b)
Start importing Assets/Textures/Wenrexa Interface UI KIT #4/PNG 1/Icon15.png using Guid(96373beb866d1634090bf61e8d36270e) Importer(815301076,1909f56bfc062723c751e8b465ee728b)  -> (artifact id: 'd12db096ad2804de30283cbad928998c') in 0.013495 seconds 
========================================================================
Received Import Request.
  Time since last request: 3.588595 seconds.
  path: Assets/Textures/Wenrexa Interface UI KIT #4/PNG 1/Button02.png
  artifactKey: Guid(4264e34d7fa2ebf44aa33d93ea9f3e06) Importer(815301076,1909f56bfc062723c751e8b465ee728b)
Start importing Assets/Textures/Wenrexa Interface UI KIT #4/PNG 1/Button02.png using Guid(4264e34d7fa2ebf44aa33d93ea9f3e06) Importer(815301076,1909f56bfc062723c751e8b465ee728b)  -> (artifact id: 'ec15754022330d0a7a2cbbbcbc4fce22') in 0.017475 seconds 
========================================================================
Received Import Request.
  Time since last request: 0.000057 seconds.
  path: Assets/Textures/Wenrexa Interface UI KIT #4/PNG 1/Icon13.png
  artifactKey: Guid(77cc38a2931b56c40a8691f7fbfe1924) Importer(815301076,1909f56bfc062723c751e8b465ee728b)
Start importing Assets/Textures/Wenrexa Interface UI KIT #4/PNG 1/Icon13.png using Guid(77cc38a2931b56c40a8691f7fbfe1924) Importer(815301076,1909f56bfc062723c751e8b465ee728b)  -> (artifact id: '1eb6a54f7cb6b9e07c4e58df37141389') in 0.015646 seconds 
========================================================================
Received Import Request.
  Time since last request: 0.000035 seconds.
  path: Assets/Textures/Wenrexa Interface UI KIT #4/PNG 1/ResIcon08.png
  artifactKey: Guid(7166db23eceea2247b1d8ee911770bf8) Importer(815301076,1909f56bfc062723c751e8b465ee728b)
Start importing Assets/Textures/Wenrexa Interface UI KIT #4/PNG 1/ResIcon08.png using Guid(7166db23eceea2247b1d8ee911770bf8) Importer(815301076,1909f56bfc062723c751e8b465ee728b)  -> (artifact id: '7663e5b2a021864ed57d8d4532205b0b') in 0.015052 seconds 
========================================================================
Received Import Request.
  Time since last request: 0.000047 seconds.
  path: Assets/Textures/Wenrexa Interface UI KIT #4/PNG 1/Icon18.png
  artifactKey: Guid(64997887f4f1dfb46b970a487f5e32fa) Importer(815301076,1909f56bfc062723c751e8b465ee728b)
Start importing Assets/Textures/Wenrexa Interface UI KIT #4/PNG 1/Icon18.png using Guid(64997887f4f1dfb46b970a487f5e32fa) Importer(815301076,1909f56bfc062723c751e8b465ee728b)  -> (artifact id: 'f42e7a2ca45aa60efe6983370383f822') in 0.012822 seconds 
========================================================================
Received Import Request.
  Time since last request: 0.000025 seconds.
  path: Assets/Textures/Wenrexa Interface UI KIT #4/PNG 1/ResIcon01.png
  artifactKey: Guid(37c768b3ca701bb429cd779414d83ca3) Importer(815301076,1909f56bfc062723c751e8b465ee728b)
Start importing Assets/Textures/Wenrexa Interface UI KIT #4/PNG 1/ResIcon01.png using Guid(37c768b3ca701bb429cd779414d83ca3) Importer(815301076,1909f56bfc062723c751e8b465ee728b)  -> (artifact id: '858e90f8cc7ca69e5db4deb047980599') in 0.022798 seconds 
========================================================================
Received Import Request.
  Time since last request: 0.000035 seconds.
  path: Assets/Textures/Wenrexa Interface UI KIT #4/PNG 1/Icon20.png
  artifactKey: Guid(e9211f0fbc6deb64d8f9d47b7528a0bf) Importer(815301076,1909f56bfc062723c751e8b465ee728b)
Start importing Assets/Textures/Wenrexa Interface UI KIT #4/PNG 1/Icon20.png using Guid(e9211f0fbc6deb64d8f9d47b7528a0bf) Importer(815301076,1909f56bfc062723c751e8b465ee728b)  -> (artifact id: '61c62689daffc717c3c7e67cacf8e755') in 0.014024 seconds 
========================================================================
Received Import Request.
  Time since last request: 0.000032 seconds.
  path: Assets/Textures/Wenrexa Interface UI KIT #4/PNG 1/ResIcon03.png
  artifactKey: Guid(caafd011f102e2a40b543c40cdfb97c3) Importer(815301076,1909f56bfc062723c751e8b465ee728b)
Start importing Assets/Textures/Wenrexa Interface UI KIT #4/PNG 1/ResIcon03.png using Guid(caafd011f102e2a40b543c40cdfb97c3) Importer(815301076,1909f56bfc062723c751e8b465ee728b)  -> (artifact id: '7e24742cacfb81f03fc1c9e223619d72') in 0.014412 seconds 
========================================================================
Received Import Request.
  Time since last request: 0.000031 seconds.
  path: Assets/Textures/Wenrexa Interface UI KIT #4/PNG 1/Icon21.png
  artifactKey: Guid(ea7d183f0344d5b4092fe3eb417e76c2) Importer(815301076,1909f56bfc062723c751e8b465ee728b)
Start importing Assets/Textures/Wenrexa Interface UI KIT #4/PNG 1/Icon21.png using Guid(ea7d183f0344d5b4092fe3eb417e76c2) Importer(815301076,1909f56bfc062723c751e8b465ee728b)  -> (artifact id: '3a3560fa01d1f55e52caa62cf4f40798') in 0.011146 seconds 
========================================================================
Received Import Request.
  Time since last request: 0.000057 seconds.
  path: Assets/Textures/Wenrexa Interface UI KIT #4/PNG 1/Icon07.png
  artifactKey: Guid(91f71594980758349be3aeb0f565f85a) Importer(815301076,1909f56bfc062723c751e8b465ee728b)
Start importing Assets/Textures/Wenrexa Interface UI KIT #4/PNG 1/Icon07.png using Guid(91f71594980758349be3aeb0f565f85a) Importer(815301076,1909f56bfc062723c751e8b465ee728b)  -> (artifact id: '27bf92a3d0f52e1b2169adbe2e23babb') in 0.014569 seconds 
========================================================================
Received Import Request.
  Time since last request: 0.000032 seconds.
  path: Assets/Textures/Wenrexa Interface UI KIT #4/PNG 1/Icon11.png
  artifactKey: Guid(1c8da2803e77cec418fbccd73aa9373c) Importer(815301076,1909f56bfc062723c751e8b465ee728b)
Start importing Assets/Textures/Wenrexa Interface UI KIT #4/PNG 1/Icon11.png using Guid(1c8da2803e77cec418fbccd73aa9373c) Importer(815301076,1909f56bfc062723c751e8b465ee728b)  -> (artifact id: '6c2a644ff74a73fb8da8c3e82f2a68ab') in 0.018081 seconds 
========================================================================
Received Import Request.
  Time since last request: 0.000050 seconds.
  path: Assets/Textures/Wenrexa Interface UI KIT #4/PNG 1/Icon09.png
  artifactKey: Guid(68fcb163f3365a348843f067a197e53f) Importer(815301076,1909f56bfc062723c751e8b465ee728b)
Start importing Assets/Textures/Wenrexa Interface UI KIT #4/PNG 1/Icon09.png using Guid(68fcb163f3365a348843f067a197e53f) Importer(815301076,1909f56bfc062723c751e8b465ee728b)  -> (artifact id: '7dcc7d66d318bb10864e32bb047c6fdc') in 0.012773 seconds 
========================================================================
Received Import Request.
  Time since last request: 0.000040 seconds.
  path: Assets/Textures/Wenrexa Interface UI KIT #4/PNG 1/Icon15.png
  artifactKey: Guid(96373beb866d1634090bf61e8d36270e) Importer(815301076,1909f56bfc062723c751e8b465ee728b)
Start importing Assets/Textures/Wenrexa Interface UI KIT #4/PNG 1/Icon15.png using Guid(96373beb866d1634090bf61e8d36270e) Importer(815301076,1909f56bfc062723c751e8b465ee728b)  -> (artifact id: '91f4a31fd8be2dedd3f56bc42762fab5') in 0.015576 seconds 
========================================================================
Received Import Request.
  Time since last request: 4.738094 seconds.
  path: Assets/Textures/Wenrexa Interface UI KIT #4/PNG 1/Button02.png
  artifactKey: Guid(4264e34d7fa2ebf44aa33d93ea9f3e06) Importer(815301076,1909f56bfc062723c751e8b465ee728b)
Start importing Assets/Textures/Wenrexa Interface UI KIT #4/PNG 1/Button02.png using Guid(4264e34d7fa2ebf44aa33d93ea9f3e06) Importer(815301076,1909f56bfc062723c751e8b465ee728b)  -> (artifact id: '23bab601714c9a4c8a7c6c6c777168e3') in 0.018434 seconds 
========================================================================
Received Import Request.
  Time since last request: 0.000045 seconds.
  path: Assets/Textures/Wenrexa Interface UI KIT #4/PNG 1/Cells01.png
  artifactKey: Guid(73f5449113d31a648b4aeb4e596ef3b1) Importer(815301076,1909f56bfc062723c751e8b465ee728b)
Start importing Assets/Textures/Wenrexa Interface UI KIT #4/PNG 1/Cells01.png using Guid(73f5449113d31a648b4aeb4e596ef3b1) Importer(815301076,1909f56bfc062723c751e8b465ee728b)  -> (artifact id: '53c1170b9c81b763b6f27d7980dcc3b1') in 0.017168 seconds 
========================================================================
Received Import Request.
  Time since last request: 0.000027 seconds.
  path: Assets/Textures/Wenrexa Interface UI KIT #4/PNG 1/Icon08.png
  artifactKey: Guid(a3172d4f7658dcc4c852aa278f80628e) Importer(815301076,1909f56bfc062723c751e8b465ee728b)
Start importing Assets/Textures/Wenrexa Interface UI KIT #4/PNG 1/Icon08.png using Guid(a3172d4f7658dcc4c852aa278f80628e) Importer(815301076,1909f56bfc062723c751e8b465ee728b)  -> (artifact id: 'd4001ea2640f134b10ad00b39cb14fa5') in 0.015473 seconds 
========================================================================
Received Import Request.
  Time since last request: 0.000047 seconds.
  path: Assets/Textures/Wenrexa Interface UI KIT #4/PNG 1/Icon22.png
  artifactKey: Guid(390312042a79f69489d50e3cb1fbe092) Importer(815301076,1909f56bfc062723c751e8b465ee728b)
Start importing Assets/Textures/Wenrexa Interface UI KIT #4/PNG 1/Icon22.png using Guid(390312042a79f69489d50e3cb1fbe092) Importer(815301076,1909f56bfc062723c751e8b465ee728b)  -> (artifact id: 'da38afd1825d315aaa282d01e65c4f63') in 0.015966 seconds 
========================================================================
Received Import Request.
  Time since last request: 0.000044 seconds.
  path: Assets/Textures/Wenrexa Interface UI KIT #4/PNG 1/Icon17.png
  artifactKey: Guid(b52c7aa66d549f749b4254d06262955a) Importer(815301076,1909f56bfc062723c751e8b465ee728b)
Start importing Assets/Textures/Wenrexa Interface UI KIT #4/PNG 1/Icon17.png using Guid(b52c7aa66d549f749b4254d06262955a) Importer(815301076,1909f56bfc062723c751e8b465ee728b)  -> (artifact id: '058937f92e90e9d03ccb28c7078e6a36') in 0.019293 seconds 
========================================================================
Received Import Request.
  Time since last request: 0.000062 seconds.
  path: Assets/Textures/Wenrexa Interface UI KIT #4/PNG 1/Icon20.png
  artifactKey: Guid(e9211f0fbc6deb64d8f9d47b7528a0bf) Importer(815301076,1909f56bfc062723c751e8b465ee728b)
Start importing Assets/Textures/Wenrexa Interface UI KIT #4/PNG 1/Icon20.png using Guid(e9211f0fbc6deb64d8f9d47b7528a0bf) Importer(815301076,1909f56bfc062723c751e8b465ee728b)  -> (artifact id: 'be9508eeca5d93bd15d39a395e53320c') in 0.016928 seconds 
========================================================================
Received Import Request.
  Time since last request: 0.000030 seconds.
  path: Assets/Textures/Wenrexa Interface UI KIT #4/PNG 1/ResIcon03.png
  artifactKey: Guid(caafd011f102e2a40b543c40cdfb97c3) Importer(815301076,1909f56bfc062723c751e8b465ee728b)
Start importing Assets/Textures/Wenrexa Interface UI KIT #4/PNG 1/ResIcon03.png using Guid(caafd011f102e2a40b543c40cdfb97c3) Importer(815301076,1909f56bfc062723c751e8b465ee728b)  -> (artifact id: 'a2ff1669c25e513437b43c733bb02553') in 0.018734 seconds 
========================================================================
Received Import Request.
  Time since last request: 0.000042 seconds.
  path: Assets/Textures/Wenrexa Interface UI KIT #4/PNG 1/Icon21.png
  artifactKey: Guid(ea7d183f0344d5b4092fe3eb417e76c2) Importer(815301076,1909f56bfc062723c751e8b465ee728b)
Start importing Assets/Textures/Wenrexa Interface UI KIT #4/PNG 1/Icon21.png using Guid(ea7d183f0344d5b4092fe3eb417e76c2) Importer(815301076,1909f56bfc062723c751e8b465ee728b)  -> (artifact id: '9b053949d74f5b07e41e4f6f9327a965') in 0.014146 seconds 
========================================================================
Received Import Request.
  Time since last request: 0.000065 seconds.
  path: Assets/Textures/Wenrexa Interface UI KIT #4/PNG 1/Icon07.png
  artifactKey: Guid(91f71594980758349be3aeb0f565f85a) Importer(815301076,1909f56bfc062723c751e8b465ee728b)
Start importing Assets/Textures/Wenrexa Interface UI KIT #4/PNG 1/Icon07.png using Guid(91f71594980758349be3aeb0f565f85a) Importer(815301076,1909f56bfc062723c751e8b465ee728b)  -> (artifact id: 'e82ad61ecc3145d3b1a27b7cf215d9c0') in 0.016682 seconds 
========================================================================
Received Import Request.
  Time since last request: 0.000040 seconds.
  path: Assets/Textures/Wenrexa Interface UI KIT #4/PNG 1/Icon11.png
  artifactKey: Guid(1c8da2803e77cec418fbccd73aa9373c) Importer(815301076,1909f56bfc062723c751e8b465ee728b)
Start importing Assets/Textures/Wenrexa Interface UI KIT #4/PNG 1/Icon11.png using Guid(1c8da2803e77cec418fbccd73aa9373c) Importer(815301076,1909f56bfc062723c751e8b465ee728b)  -> (artifact id: '4001c0624bf17bd61881a9d85c22f36c') in 0.017971 seconds 
========================================================================
Received Import Request.
  Time since last request: 0.000044 seconds.
  path: Assets/Textures/Wenrexa Interface UI KIT #4/PNG 1/Icon09.png
  artifactKey: Guid(68fcb163f3365a348843f067a197e53f) Importer(815301076,1909f56bfc062723c751e8b465ee728b)
Start importing Assets/Textures/Wenrexa Interface UI KIT #4/PNG 1/Icon09.png using Guid(68fcb163f3365a348843f067a197e53f) Importer(815301076,1909f56bfc062723c751e8b465ee728b)  -> (artifact id: '4e82c390a200def7b2dd93699d1b8449') in 0.016969 seconds 
========================================================================
Received Import Request.
  Time since last request: 9.751436 seconds.
  path: Assets/Textures/Wenrexa Interface UI KIT #4/PNG 1/ResIcon12.png
  artifactKey: Guid(8e37b4849ba84da4abe6969c571cfc2d) Importer(815301076,1909f56bfc062723c751e8b465ee728b)
Start importing Assets/Textures/Wenrexa Interface UI KIT #4/PNG 1/ResIcon12.png using Guid(8e37b4849ba84da4abe6969c571cfc2d) Importer(815301076,1909f56bfc062723c751e8b465ee728b)  -> (artifact id: '805bacae10b55ab61076e8a32d8eaea7') in 0.015836 seconds 
========================================================================
Received Import Request.
  Time since last request: 0.000053 seconds.
  path: Assets/Textures/Wenrexa Interface UI KIT #4/PNG 1/ResIcon16.png
  artifactKey: Guid(a41e7ebee5e8c444a854b8add1aef96f) Importer(815301076,1909f56bfc062723c751e8b465ee728b)
Start importing Assets/Textures/Wenrexa Interface UI KIT #4/PNG 1/ResIcon16.png using Guid(a41e7ebee5e8c444a854b8add1aef96f) Importer(815301076,1909f56bfc062723c751e8b465ee728b)  -> (artifact id: '2fb072d06aa73c17f19ad0cef9eba683') in 0.018897 seconds 
========================================================================
Received Import Request.
  Time since last request: 0.000034 seconds.
  path: Assets/Textures/Wenrexa Interface UI KIT #4/PNG 1/ResIcon13.png
  artifactKey: Guid(b58487d321cb14441bc60b19915e1b9c) Importer(815301076,1909f56bfc062723c751e8b465ee728b)
Start importing Assets/Textures/Wenrexa Interface UI KIT #4/PNG 1/ResIcon13.png using Guid(b58487d321cb14441bc60b19915e1b9c) Importer(815301076,1909f56bfc062723c751e8b465ee728b)  -> (artifact id: '2319ee59a606d85152a1a017e8919aa0') in 0.018757 seconds 
========================================================================
Received Import Request.
  Time since last request: 33.980317 seconds.
  path: Assets/Textures/Wenrexa Interface UI KIT #4/PNG 1/ResIcon21.png
  artifactKey: Guid(95bba0dc7e4bbcc45999ce8cd1a4ae5b) Importer(815301076,1909f56bfc062723c751e8b465ee728b)
Start importing Assets/Textures/Wenrexa Interface UI KIT #4/PNG 1/ResIcon21.png using Guid(95bba0dc7e4bbcc45999ce8cd1a4ae5b) Importer(815301076,1909f56bfc062723c751e8b465ee728b)  -> (artifact id: 'd9a0ee65ad002ccb268ab42cbe03861d') in 0.017776 seconds 
========================================================================
Received Import Request.
  Time since last request: 0.000043 seconds.
  path: Assets/Textures/Wenrexa Interface UI KIT #4/PNG 1/ResIcon24.png
  artifactKey: Guid(6bf3f0e3a358f9f4aae9b748470977c4) Importer(815301076,1909f56bfc062723c751e8b465ee728b)
Start importing Assets/Textures/Wenrexa Interface UI KIT #4/PNG 1/ResIcon24.png using Guid(6bf3f0e3a358f9f4aae9b748470977c4) Importer(815301076,1909f56bfc062723c751e8b465ee728b)  -> (artifact id: '5b82cdeb3a106f2ab2858893c6de9837') in 0.018907 seconds 
========================================================================
Received Import Request.
  Time since last request: 0.000031 seconds.
  path: Assets/Textures/Wenrexa Interface UI KIT #4/PNG 1/ResIcon27.png
  artifactKey: Guid(54a7251874fa5bb4a8083787f50fa2b2) Importer(815301076,1909f56bfc062723c751e8b465ee728b)
Start importing Assets/Textures/Wenrexa Interface UI KIT #4/PNG 1/ResIcon27.png using Guid(54a7251874fa5bb4a8083787f50fa2b2) Importer(815301076,1909f56bfc062723c751e8b465ee728b)  -> (artifact id: 'baff1522975c2ebeb5501060cc8b66e3') in 0.016852 seconds 
========================================================================
Received Import Request.
  Time since last request: 0.189256 seconds.
  path: Assets/Textures/Wenrexa Interface UI KIT #4/PNG 1/ResIcon30.png
  artifactKey: Guid(32aab0023e22d5b48914ac6385023013) Importer(815301076,1909f56bfc062723c751e8b465ee728b)
Start importing Assets/Textures/Wenrexa Interface UI KIT #4/PNG 1/ResIcon30.png using Guid(32aab0023e22d5b48914ac6385023013) Importer(815301076,1909f56bfc062723c751e8b465ee728b)  -> (artifact id: '9f6945154881b54d4728db0e4e3bfad1') in 0.025038 seconds 
========================================================================
Received Import Request.
  Time since last request: 0.000042 seconds.
  path: Assets/Textures/Wenrexa Interface UI KIT #4/PNG 1/ResIcon36.png
  artifactKey: Guid(17ca741cfb5ae974fb7c47188cdf924e) Importer(815301076,1909f56bfc062723c751e8b465ee728b)
Start importing Assets/Textures/Wenrexa Interface UI KIT #4/PNG 1/ResIcon36.png using Guid(17ca741cfb5ae974fb7c47188cdf924e) Importer(815301076,1909f56bfc062723c751e8b465ee728b)  -> (artifact id: '3941fcbae2532720c0899e7fb2b17cd5') in 0.017803 seconds 
========================================================================
Received Import Request.
  Time since last request: 0.000066 seconds.
  path: Assets/Textures/Wenrexa Interface UI KIT #4/PNG 1/ResIcon33.png
  artifactKey: Guid(7bfb298bb6249b1409b704e0857c2e83) Importer(815301076,1909f56bfc062723c751e8b465ee728b)
Start importing Assets/Textures/Wenrexa Interface UI KIT #4/PNG 1/ResIcon33.png using Guid(7bfb298bb6249b1409b704e0857c2e83) Importer(815301076,1909f56bfc062723c751e8b465ee728b)  -> (artifact id: 'dd083a9f73f7c62ff8f1955ffde875d4') in 0.019593 seconds 
========================================================================
Received Import Request.
  Time since last request: 0.242835 seconds.
  path: Assets/Textures/Wenrexa Interface UI KIT #4/PNG 1/ResIcon39.png
  artifactKey: Guid(56adfcea121c4b640a4cf7c56db46548) Importer(815301076,1909f56bfc062723c751e8b465ee728b)
Start importing Assets/Textures/Wenrexa Interface UI KIT #4/PNG 1/ResIcon39.png using Guid(56adfcea121c4b640a4cf7c56db46548) Importer(815301076,1909f56bfc062723c751e8b465ee728b)  -> (artifact id: '69a572bd1383d011b49525bc4520750d') in 0.017981 seconds 
========================================================================
Received Import Request.
  Time since last request: 0.000037 seconds.
  path: Assets/Textures/Wenrexa Interface UI KIT #4/PNG 1/ResIcon41.png
  artifactKey: Guid(5577197595eaada40bf1daec942701be) Importer(815301076,1909f56bfc062723c751e8b465ee728b)
Start importing Assets/Textures/Wenrexa Interface UI KIT #4/PNG 1/ResIcon41.png using Guid(5577197595eaada40bf1daec942701be) Importer(815301076,1909f56bfc062723c751e8b465ee728b)  -> (artifact id: '78df550d312df6289bd54be75fb45e09') in 0.017135 seconds 
========================================================================
Received Import Request.
  Time since last request: 0.000045 seconds.
  path: Assets/Textures/Wenrexa Interface UI KIT #4/PNG 1/ResIcon43.png
  artifactKey: Guid(8de98520c60ecda48b9c0c8ee7a90bc7) Importer(815301076,1909f56bfc062723c751e8b465ee728b)
Start importing Assets/Textures/Wenrexa Interface UI KIT #4/PNG 1/ResIcon43.png using Guid(8de98520c60ecda48b9c0c8ee7a90bc7) Importer(815301076,1909f56bfc062723c751e8b465ee728b)  -> (artifact id: '86b354dfd4a7fc41bb926ea5b4afac30') in 0.021172 seconds 
