Using pre-set license
Built from '2021.3/staging' branch; Version is '2021.3.11f1 (0a5ca18544bf) revision 679073'; Using compiler version '192829333'; Build Type 'Release'
OS: 'Windows 11  (10.0.22000) 64bit Professional' Language: 'en' Physical Memory: 16337 MB
BatchMode: 1, IsHumanControllingUs: 0, StartBugReporterOnCrash: 0, Is64bit: 1, IsPro: 1

COMMAND LINE ARGUMENTS:
C:\Program Files\Unity\Hub\Editor\2021.3.11f1\Editor\Unity.exe
-adb2
-batchMode
-noUpm
-name
AssetImportWorker4
-projectPath
C:/Unity Projects/ASII - Killerpredate/Unity - Killerpredate
-logFile
Logs/AssetImportWorker4.log
-srvPort
53518
Successfully changed project path to: C:/Unity Projects/ASII - Killerpredate/Unity - Killerpredate
C:/Unity Projects/ASII - Killerpredate/Unity - Killerpredate
[UnityMemory] Configuration Parameters - Can be set up in boot.config
    "memorysetup-bucket-allocator-granularity=16"
    "memorysetup-bucket-allocator-bucket-count=8"
    "memorysetup-bucket-allocator-block-size=33554432"
    "memorysetup-bucket-allocator-block-count=8"
    "memorysetup-main-allocator-block-size=16777216"
    "memorysetup-thread-allocator-block-size=16777216"
    "memorysetup-gfx-main-allocator-block-size=16777216"
    "memorysetup-gfx-thread-allocator-block-size=16777216"
    "memorysetup-cache-allocator-block-size=4194304"
    "memorysetup-typetree-allocator-block-size=2097152"
    "memorysetup-profiler-bucket-allocator-granularity=16"
    "memorysetup-profiler-bucket-allocator-bucket-count=8"
    "memorysetup-profiler-bucket-allocator-block-size=33554432"
    "memorysetup-profiler-bucket-allocator-block-count=8"
    "memorysetup-profiler-allocator-block-size=16777216"
    "memorysetup-profiler-editor-allocator-block-size=1048576"
    "memorysetup-temp-allocator-size-main=16777216"
    "memorysetup-job-temp-allocator-block-size=2097152"
    "memorysetup-job-temp-allocator-block-size-background=1048576"
    "memorysetup-job-temp-allocator-reduction-small-platforms=262144"
    "memorysetup-temp-allocator-size-background-worker=32768"
    "memorysetup-temp-allocator-size-job-worker=262144"
    "memorysetup-temp-allocator-size-preload-manager=33554432"
    "memorysetup-temp-allocator-size-nav-mesh-worker=65536"
    "memorysetup-temp-allocator-size-audio-worker=65536"
    "memorysetup-temp-allocator-size-cloud-worker=32768"
    "memorysetup-temp-allocator-size-gi-baking-worker=262144"
    "memorysetup-temp-allocator-size-gfx=262144"
Refreshing native plugins compatible for Editor in 138.47 ms, found 3 plugins.
Preloading 0 native plugins for Editor in 0.00 ms.
Initialize engine version: 2021.3.11f1 (0a5ca18544bf)
[Subsystems] Discovering subsystems at path C:/Program Files/Unity/Hub/Editor/2021.3.11f1/Editor/Data/Resources/UnitySubsystems
[Subsystems] Discovering subsystems at path C:/Unity Projects/ASII - Killerpredate/Unity - Killerpredate/Assets
GfxDevice: creating device client; threaded=0; jobified=0
Direct3D:
    Version:  Direct3D 11.0 [level 11.1]
    Renderer: NVIDIA GeForce GTX 1060 6GB (ID=0x1c03)
    Vendor:   NVIDIA
    VRAM:     6052 MB
    Driver:   31.0.15.2225
Initialize mono
Mono path[0] = 'C:/Program Files/Unity/Hub/Editor/2021.3.11f1/Editor/Data/Managed'
Mono path[1] = 'C:/Program Files/Unity/Hub/Editor/2021.3.11f1/Editor/Data/MonoBleedingEdge/lib/mono/unityjit-win32'
Mono config path = 'C:/Program Files/Unity/Hub/Editor/2021.3.11f1/Editor/Data/MonoBleedingEdge/etc'
Using monoOptions --debugger-agent=transport=dt_socket,embedding=1,server=y,suspend=n,address=127.0.0.1:56608
Begin MonoManager ReloadAssembly
Registering precompiled unity dll's ...
Register platform support module: C:/Program Files/Unity/Hub/Editor/2021.3.11f1/Editor/Data/PlaybackEngines/WebGLSupport/UnityEditor.WebGL.Extensions.dll
Register platform support module: C:/Program Files/Unity/Hub/Editor/2021.3.11f1/Editor/Data/PlaybackEngines/WindowsStandaloneSupport/UnityEditor.WindowsStandalone.Extensions.dll
Registered in 0.003575 seconds.
Native extension for WindowsStandalone target not found
Native extension for WebGL target not found
Refreshing native plugins compatible for Editor in 138.83 ms, found 3 plugins.
Preloading 0 native plugins for Editor in 0.00 ms.
Mono: successfully reloaded assembly
- Completed reload, in  0.737 seconds
Domain Reload Profiling:
	ReloadAssembly (737ms)
		BeginReloadAssembly (71ms)
			ExecutionOrderSort (0ms)
			DisableScriptedObjects (0ms)
			BackupInstance (0ms)
			ReleaseScriptingObjects (0ms)
			CreateAndSetChildDomain (1ms)
		EndReloadAssembly (563ms)
			LoadAssemblies (69ms)
			RebuildTransferFunctionScriptingTraits (0ms)
			SetupTypeCache (107ms)
			ReleaseScriptCaches (0ms)
			RebuildScriptCaches (35ms)
			SetupLoadedEditorAssemblies (363ms)
				LogAssemblyErrors (0ms)
				InitializePlatformSupportModulesInManaged (10ms)
				SetLoadedEditorAssemblies (0ms)
				RefreshPlugins (139ms)
				BeforeProcessingInitializeOnLoad (1ms)
				ProcessInitializeOnLoadAttributes (162ms)
				ProcessInitializeOnLoadMethodAttributes (50ms)
				AfterProcessingInitializeOnLoad (0ms)
				EditorAssembliesLoaded (0ms)
			ExecutionOrderSort2 (0ms)
			AwakeInstancesAfterBackupRestoration (0ms)
Platform modules already initialized, skipping
Registering precompiled user dll's ...
Registered in 0.008616 seconds.
Begin MonoManager ReloadAssembly
Symbol file LoadedFromMemory is not a mono symbol file
Symbol file LoadedFromMemory doesn't match image C:\Unity Projects\ASII - Killerpredate\Unity - Killerpredate\Library\PackageCache\com.unity.visualscripting@1.7.8\Editor\VisualScripting.Core\Dependencies\YamlDotNet\Unity.VisualScripting.YamlDotNet.dll
Symbol file LoadedFromMemory doesn't match image C:\Unity Projects\ASII - Killerpredate\Unity - Killerpredate\Library\PackageCache\com.unity.visualscripting@1.7.8\Editor\VisualScripting.Core\Dependencies\DotNetZip\Unity.VisualScripting.IonicZip.dll
Native extension for WindowsStandalone target not found
Native extension for WebGL target not found
Refreshing native plugins compatible for Editor in 138.62 ms, found 3 plugins.
Preloading 0 native plugins for Editor in 0.00 ms.
Mono: successfully reloaded assembly
- Completed reload, in  1.403 seconds
Domain Reload Profiling:
	ReloadAssembly (1404ms)
		BeginReloadAssembly (94ms)
			ExecutionOrderSort (0ms)
			DisableScriptedObjects (5ms)
			BackupInstance (0ms)
			ReleaseScriptingObjects (0ms)
			CreateAndSetChildDomain (17ms)
		EndReloadAssembly (1200ms)
			LoadAssemblies (90ms)
			RebuildTransferFunctionScriptingTraits (0ms)
			SetupTypeCache (302ms)
			ReleaseScriptCaches (1ms)
			RebuildScriptCaches (66ms)
			SetupLoadedEditorAssemblies (694ms)
				LogAssemblyErrors (0ms)
				InitializePlatformSupportModulesInManaged (4ms)
				SetLoadedEditorAssemblies (1ms)
				RefreshPlugins (139ms)
				BeforeProcessingInitializeOnLoad (155ms)
				ProcessInitializeOnLoadAttributes (343ms)
				ProcessInitializeOnLoadMethodAttributes (47ms)
				AfterProcessingInitializeOnLoad (5ms)
				EditorAssembliesLoaded (0ms)
			ExecutionOrderSort2 (0ms)
			AwakeInstancesAfterBackupRestoration (5ms)
Platform modules already initialized, skipping
========================================================================
Worker process is ready to serve import requests
Launched and connected shader compiler UnityShaderCompiler.exe after 0.05 seconds
Refreshing native plugins compatible for Editor in 2.19 ms, found 3 plugins.
Preloading 0 native plugins for Editor in 0.00 ms.
Unloading 6024 Unused Serialized files (Serialized files now loaded: 0)
Unloading 56 unused Assets / (196.7 KB). Loaded Objects now: 6486.
Memory consumption went from 234.5 MB to 234.3 MB.
Total: 4.385000 ms (FindLiveObjects: 0.586800 ms CreateObjectMapping: 0.171500 ms MarkObjects: 3.420700 ms  DeleteObjects: 0.204800 ms)

AssetImportParameters requested are different than current active one (requested -> active):
  custom:video-decoder-ogg-theora: a1e56fd34408186e4bbccfd4996cb3dc -> 
  custom:container-muxer-webm: aa71ff27fc2769a1b78a27578f13a17b -> 
  custom:container-demuxer-webm: 4f35f7cbe854078d1ac9338744f61a02 -> 
  custom:video-encoder-webm-vp8: eb34c28f22e8b96e1ab97ce403110664 -> 
  custom:audio-encoder-webm-vorbis: bf7c407c2cedff20999df2af8eb42d56 -> 
  custom:framework-win-MediaFoundation: 216162199b28c13a410421893ffa2e32 -> 
  custom:container-demuxer-ogg: 62fdf1f143b41e24485cea50d1cbac27 -> 
  custom:video-decoder-webm-vp8: 9c59270c3fd7afecdb556c50c9e8de78 -> 
  custom:audio-decoder-ogg-vorbis: bf7c407c2cedff20999df2af8eb42d56 -> 
========================================================================
Received Import Request.
  Time since last request: 6937.077022 seconds.
  path: Assets/Textures/Wenrexa Interface UI KIT #4/PNG/Btn01.png
  artifactKey: Guid(bc8cf8ed96cf486449f0691e97496524) Importer(815301076,1909f56bfc062723c751e8b465ee728b)
Start importing Assets/Textures/Wenrexa Interface UI KIT #4/PNG/Btn01.png using Guid(bc8cf8ed96cf486449f0691e97496524) Importer(815301076,1909f56bfc062723c751e8b465ee728b)  -> (artifact id: '4f8502b8ec74f7c4707b9bf673fd8443') in 0.077516 seconds 
========================================================================
Received Import Request.
  Time since last request: 8.220951 seconds.
  path: Assets/Textures/Wenrexa Interface UI KIT #4/PNG 1/Cell01.png
  artifactKey: Guid(278702decab4a7344bce0404686f70d6) Importer(815301076,1909f56bfc062723c751e8b465ee728b)
Start importing Assets/Textures/Wenrexa Interface UI KIT #4/PNG 1/Cell01.png using Guid(278702decab4a7344bce0404686f70d6) Importer(815301076,1909f56bfc062723c751e8b465ee728b)  -> (artifact id: 'd276059a3150b043a88ab4699e42e717') in 0.019391 seconds 
========================================================================
Received Import Request.
  Time since last request: 1.295129 seconds.
  path: Assets/Textures/Wenrexa Interface UI KIT #4/PNG 1/Cells01.png
  artifactKey: Guid(73f5449113d31a648b4aeb4e596ef3b1) Importer(815301076,1909f56bfc062723c751e8b465ee728b)
Start importing Assets/Textures/Wenrexa Interface UI KIT #4/PNG 1/Cells01.png using Guid(73f5449113d31a648b4aeb4e596ef3b1) Importer(815301076,1909f56bfc062723c751e8b465ee728b)  -> (artifact id: '1b34f06fbe6d95bcd46a402b2bb29092') in 0.021412 seconds 
========================================================================
Received Import Request.
  Time since last request: 0.053466 seconds.
  path: Assets/Textures/Wenrexa Interface UI KIT #4/PNG/Icons/Circle02.png
  artifactKey: Guid(705a4e3f68ce63d42a30b9af8b7996d2) Importer(815301076,1909f56bfc062723c751e8b465ee728b)
Start importing Assets/Textures/Wenrexa Interface UI KIT #4/PNG/Icons/Circle02.png using Guid(705a4e3f68ce63d42a30b9af8b7996d2) Importer(815301076,1909f56bfc062723c751e8b465ee728b)  -> (artifact id: '506e76cee0efa32e09b57cdf3eb0585c') in 0.019982 seconds 
========================================================================
Received Import Request.
  Time since last request: 0.274908 seconds.
  path: Assets/Textures/Wenrexa Interface UI KIT #4/PNG/Icons/Close.png
  artifactKey: Guid(efb2b08d0be77864eac20d18a6a513e9) Importer(815301076,1909f56bfc062723c751e8b465ee728b)
Start importing Assets/Textures/Wenrexa Interface UI KIT #4/PNG/Icons/Close.png using Guid(efb2b08d0be77864eac20d18a6a513e9) Importer(815301076,1909f56bfc062723c751e8b465ee728b)  -> (artifact id: 'f5f50186319ae47e892914721daeeb8a') in 0.017589 seconds 
========================================================================
Received Import Request.
  Time since last request: 1.880834 seconds.
  path: Assets/Invector-3rdPersonController_LITE/3D Models/Textures/prototype_textures/Textures/gras.png
  artifactKey: Guid(aa0e3b0078b1f974abf388813d4174a5) Importer(815301076,1909f56bfc062723c751e8b465ee728b)
Start importing Assets/Invector-3rdPersonController_LITE/3D Models/Textures/prototype_textures/Textures/gras.png using Guid(aa0e3b0078b1f974abf388813d4174a5) Importer(815301076,1909f56bfc062723c751e8b465ee728b)  -> (artifact id: '18ae602e46f970cea66d1bf5baeefca1') in 0.022568 seconds 
========================================================================
Received Import Request.
  Time since last request: 0.014946 seconds.
  path: Assets/Invector-3rdPersonController_LITE/3D Models/Textures/prototype_textures/Textures/gravel.png
  artifactKey: Guid(ee23d02f526f791419bcba319ec8ff1e) Importer(815301076,1909f56bfc062723c751e8b465ee728b)
Start importing Assets/Invector-3rdPersonController_LITE/3D Models/Textures/prototype_textures/Textures/gravel.png using Guid(ee23d02f526f791419bcba319ec8ff1e) Importer(815301076,1909f56bfc062723c751e8b465ee728b)  -> (artifact id: '09251b89e944fcd5e7da62c9e88e60a7') in 0.021461 seconds 
========================================================================
Received Import Request.
  Time since last request: 0.000021 seconds.
  path: Assets/StarterAssets/Environment/Art/Textures/Grid_01_Emissive.png
  artifactKey: Guid(d4d6919451fe3e24388816386a6d15a4) Importer(815301076,1909f56bfc062723c751e8b465ee728b)
Start importing Assets/StarterAssets/Environment/Art/Textures/Grid_01_Emissive.png using Guid(d4d6919451fe3e24388816386a6d15a4) Importer(815301076,1909f56bfc062723c751e8b465ee728b)  -> (artifact id: '04611cb025a2359c4265e74ff0f625d6') in 0.018928 seconds 
========================================================================
Received Import Request.
  Time since last request: 0.287905 seconds.
  path: Assets/StarterAssets/Environment/Art/Textures/Grid_01_Normal.png
  artifactKey: Guid(c5c221ed57a3bf6488f8eba0db28a004) Importer(815301076,1909f56bfc062723c751e8b465ee728b)
Start importing Assets/StarterAssets/Environment/Art/Textures/Grid_01_Normal.png using Guid(c5c221ed57a3bf6488f8eba0db28a004) Importer(815301076,1909f56bfc062723c751e8b465ee728b)  -> (artifact id: 'ab04057ab0527e22badf92e397c54e9c') in 0.052367 seconds 
========================================================================
Received Import Request.
  Time since last request: 0.000033 seconds.
  path: Assets/Textures/Wenrexa Interface UI KIT #4/PNG/Icons/Icon02.png
  artifactKey: Guid(261e2aa23be70194581ed58e46311f92) Importer(815301076,1909f56bfc062723c751e8b465ee728b)
Start importing Assets/Textures/Wenrexa Interface UI KIT #4/PNG/Icons/Icon02.png using Guid(261e2aa23be70194581ed58e46311f92) Importer(815301076,1909f56bfc062723c751e8b465ee728b)  -> (artifact id: '596c21bb866dbb65a371531e43dbee24') in 0.023243 seconds 
========================================================================
Received Import Request.
  Time since last request: 0.004779 seconds.
  path: Assets/Textures/Wenrexa Interface UI KIT #4/PNG/Icons/Icon03.png
  artifactKey: Guid(bce9749c46451134b9854c00f7ecc1fd) Importer(815301076,1909f56bfc062723c751e8b465ee728b)
Start importing Assets/Textures/Wenrexa Interface UI KIT #4/PNG/Icons/Icon03.png using Guid(bce9749c46451134b9854c00f7ecc1fd) Importer(815301076,1909f56bfc062723c751e8b465ee728b)  -> (artifact id: 'ce7ca40571d076b94f54d1f777a04b49') in 0.019962 seconds 
========================================================================
Received Import Request.
  Time since last request: 0.793574 seconds.
  path: Assets/Textures/Wenrexa Interface UI KIT #4/PNG/Icons/Icon04.png
  artifactKey: Guid(b7c2495ecd2e7964aab1c01c8490991c) Importer(815301076,1909f56bfc062723c751e8b465ee728b)
Start importing Assets/Textures/Wenrexa Interface UI KIT #4/PNG/Icons/Icon04.png using Guid(b7c2495ecd2e7964aab1c01c8490991c) Importer(815301076,1909f56bfc062723c751e8b465ee728b)  -> (artifact id: '60b497d1ea185bfe04d50ae0c347208b') in 0.019374 seconds 
========================================================================
Received Import Request.
  Time since last request: 2.318159 seconds.
  path: Assets/Textures/Wenrexa Interface UI KIT #4/PNG/Icons/Icon05.png
  artifactKey: Guid(5aa36d6582c337547be3291b2046b9bc) Importer(815301076,1909f56bfc062723c751e8b465ee728b)
Start importing Assets/Textures/Wenrexa Interface UI KIT #4/PNG/Icons/Icon05.png using Guid(5aa36d6582c337547be3291b2046b9bc) Importer(815301076,1909f56bfc062723c751e8b465ee728b)  -> (artifact id: '0c052221b4cb24f150265c059ea658d5') in 0.021635 seconds 
========================================================================
Received Import Request.
  Time since last request: 0.000021 seconds.
  path: Assets/Textures/Wenrexa Interface UI KIT #4/PNG/Icons/Icon13.png
  artifactKey: Guid(e5721097ac310dd46908ea58b214712e) Importer(815301076,1909f56bfc062723c751e8b465ee728b)
Start importing Assets/Textures/Wenrexa Interface UI KIT #4/PNG/Icons/Icon13.png using Guid(e5721097ac310dd46908ea58b214712e) Importer(815301076,1909f56bfc062723c751e8b465ee728b)  -> (artifact id: 'a056acf90ab14c9fad416524f23645f9') in 0.020127 seconds 
========================================================================
Received Import Request.
  Time since last request: 0.000023 seconds.
  path: Assets/Textures/Wenrexa Interface UI KIT #4/PNG/Icons/Icon17.png
  artifactKey: Guid(87a3ae1be9a3a1a48ae35ac8db04274f) Importer(815301076,1909f56bfc062723c751e8b465ee728b)
Start importing Assets/Textures/Wenrexa Interface UI KIT #4/PNG/Icons/Icon17.png using Guid(87a3ae1be9a3a1a48ae35ac8db04274f) Importer(815301076,1909f56bfc062723c751e8b465ee728b)  -> (artifact id: '421663fc744add0119e87fa23b11e186') in 0.022387 seconds 
========================================================================
Received Import Request.
  Time since last request: 0.000027 seconds.
  path: Assets/Textures/Wenrexa Interface UI KIT #4/PNG/Icons/Icon15.png
  artifactKey: Guid(baeb1ae4b59fec64081c7e816bdb49d9) Importer(815301076,1909f56bfc062723c751e8b465ee728b)
Start importing Assets/Textures/Wenrexa Interface UI KIT #4/PNG/Icons/Icon15.png using Guid(baeb1ae4b59fec64081c7e816bdb49d9) Importer(815301076,1909f56bfc062723c751e8b465ee728b)  -> (artifact id: '052a998ab0e4e37cdd78cb9374da3157') in 0.019605 seconds 
========================================================================
Received Import Request.
  Time since last request: 0.000027 seconds.
  path: Assets/Textures/Wenrexa Interface UI KIT #4/PNG/Icons/Icon22.png
  artifactKey: Guid(a7d7cbbffd8aa00449402f165cf4a9bb) Importer(815301076,1909f56bfc062723c751e8b465ee728b)
Start importing Assets/Textures/Wenrexa Interface UI KIT #4/PNG/Icons/Icon22.png using Guid(a7d7cbbffd8aa00449402f165cf4a9bb) Importer(815301076,1909f56bfc062723c751e8b465ee728b)  -> (artifact id: '8b4ca8469dd3af123c5656a16f8bb276') in 0.023004 seconds 
========================================================================
Received Import Request.
  Time since last request: 0.000035 seconds.
  path: Assets/Textures/Wenrexa Interface UI KIT #4/PNG/Icons/Icon19.png
  artifactKey: Guid(214865a0c32341d46ac7e55aa35ed806) Importer(815301076,1909f56bfc062723c751e8b465ee728b)
Start importing Assets/Textures/Wenrexa Interface UI KIT #4/PNG/Icons/Icon19.png using Guid(214865a0c32341d46ac7e55aa35ed806) Importer(815301076,1909f56bfc062723c751e8b465ee728b)  -> (artifact id: 'e5affef861950e619355172c488f620d') in 0.017789 seconds 
========================================================================
Received Import Request.
  Time since last request: 0.853163 seconds.
  path: Assets/Textures/Wenrexa Interface UI KIT #4/PNG/Icons/Icon24.png
  artifactKey: Guid(8cceb7d7c6ee3834da884576eee4acea) Importer(815301076,1909f56bfc062723c751e8b465ee728b)
Start importing Assets/Textures/Wenrexa Interface UI KIT #4/PNG/Icons/Icon24.png using Guid(8cceb7d7c6ee3834da884576eee4acea) Importer(815301076,1909f56bfc062723c751e8b465ee728b)  -> (artifact id: 'f7093871189e960314abc52c1efe5c73') in 0.020229 seconds 
========================================================================
Received Import Request.
  Time since last request: 0.000027 seconds.
  path: Assets/Textures/Wenrexa Interface UI KIT #4/PNG/Icons/Icon28.png
  artifactKey: Guid(7f278554f576be2448430b78a7d0660d) Importer(815301076,1909f56bfc062723c751e8b465ee728b)
Start importing Assets/Textures/Wenrexa Interface UI KIT #4/PNG/Icons/Icon28.png using Guid(7f278554f576be2448430b78a7d0660d) Importer(815301076,1909f56bfc062723c751e8b465ee728b)  -> (artifact id: 'f1e885cdbdbba56806ebb386f555d77e') in 0.023830 seconds 
========================================================================
Received Import Request.
  Time since last request: 0.000031 seconds.
  path: Assets/Textures/Wenrexa Interface UI KIT #4/PNG/Icons/Icon38.png
  artifactKey: Guid(b383d2aff5e722540ac523ad7e0f4b75) Importer(815301076,1909f56bfc062723c751e8b465ee728b)
Start importing Assets/Textures/Wenrexa Interface UI KIT #4/PNG/Icons/Icon38.png using Guid(b383d2aff5e722540ac523ad7e0f4b75) Importer(815301076,1909f56bfc062723c751e8b465ee728b)  -> (artifact id: 'f9328422df48b3c1eb58c997284079f6') in 0.019527 seconds 
========================================================================
Received Import Request.
  Time since last request: 0.000025 seconds.
  path: Assets/Textures/Wenrexa Interface UI KIT #4/PNG/Icons/Icon27.png
  artifactKey: Guid(9f4a16a20b66b5a409ad2256e219f64a) Importer(815301076,1909f56bfc062723c751e8b465ee728b)
Start importing Assets/Textures/Wenrexa Interface UI KIT #4/PNG/Icons/Icon27.png using Guid(9f4a16a20b66b5a409ad2256e219f64a) Importer(815301076,1909f56bfc062723c751e8b465ee728b)  -> (artifact id: 'dbd61884aa73ac62f54ed99ffef3a304') in 0.021225 seconds 
========================================================================
Received Import Request.
  Time since last request: 0.000037 seconds.
  path: Assets/Textures/Wenrexa Interface UI KIT #4/PNG/Icons/Icon33.png
  artifactKey: Guid(48b997ae079894241a4d7e013dbf8773) Importer(815301076,1909f56bfc062723c751e8b465ee728b)
Start importing Assets/Textures/Wenrexa Interface UI KIT #4/PNG/Icons/Icon33.png using Guid(48b997ae079894241a4d7e013dbf8773) Importer(815301076,1909f56bfc062723c751e8b465ee728b)  -> (artifact id: 'fe94fc3bf5b41a1984ef87134e89eb67') in 0.019221 seconds 
========================================================================
Received Import Request.
  Time since last request: 1.605322 seconds.
  path: Assets/Textures/Wenrexa Interface UI KIT #4/PNG 1/Icon05.png
  artifactKey: Guid(d98c70ba69976684a89ffbf3c036b347) Importer(815301076,1909f56bfc062723c751e8b465ee728b)
Start importing Assets/Textures/Wenrexa Interface UI KIT #4/PNG 1/Icon05.png using Guid(d98c70ba69976684a89ffbf3c036b347) Importer(815301076,1909f56bfc062723c751e8b465ee728b)  -> (artifact id: '0138e9673088e87356dce408ca33059c') in 0.022600 seconds 
========================================================================
Received Import Request.
  Time since last request: 0.015355 seconds.
  path: Assets/Textures/Wenrexa Interface UI KIT #4/PNG 1/Icon06.png
  artifactKey: Guid(45ad52366d2790d4b9045fbf172b45a1) Importer(815301076,1909f56bfc062723c751e8b465ee728b)
Start importing Assets/Textures/Wenrexa Interface UI KIT #4/PNG 1/Icon06.png using Guid(45ad52366d2790d4b9045fbf172b45a1) Importer(815301076,1909f56bfc062723c751e8b465ee728b)  -> (artifact id: '347da64992fc2e03fb80e7f8b00f54d4') in 0.018632 seconds 
========================================================================
Received Import Request.
  Time since last request: 0.019899 seconds.
  path: Assets/Textures/Wenrexa Interface UI KIT #4/PNG 1/Icon07.png
  artifactKey: Guid(91f71594980758349be3aeb0f565f85a) Importer(815301076,1909f56bfc062723c751e8b465ee728b)
Start importing Assets/Textures/Wenrexa Interface UI KIT #4/PNG 1/Icon07.png using Guid(91f71594980758349be3aeb0f565f85a) Importer(815301076,1909f56bfc062723c751e8b465ee728b)  -> (artifact id: '911a717ffb5b8d02ede972b70b7426db') in 0.017663 seconds 
========================================================================
Received Import Request.
  Time since last request: 0.767827 seconds.
  path: Assets/Textures/Wenrexa Interface UI KIT #4/PNG 1/Icon09.png
  artifactKey: Guid(68fcb163f3365a348843f067a197e53f) Importer(815301076,1909f56bfc062723c751e8b465ee728b)
Start importing Assets/Textures/Wenrexa Interface UI KIT #4/PNG 1/Icon09.png using Guid(68fcb163f3365a348843f067a197e53f) Importer(815301076,1909f56bfc062723c751e8b465ee728b)  -> (artifact id: 'f1c0c611695e5ac3454a2beb25d7bcb3') in 0.016669 seconds 
========================================================================
Received Import Request.
  Time since last request: 0.018836 seconds.
  path: Assets/Textures/Wenrexa Interface UI KIT #4/PNG 1/Icon10.png
  artifactKey: Guid(e950eb4388e9cdc418be550eec0b4db2) Importer(815301076,1909f56bfc062723c751e8b465ee728b)
Start importing Assets/Textures/Wenrexa Interface UI KIT #4/PNG 1/Icon10.png using Guid(e950eb4388e9cdc418be550eec0b4db2) Importer(815301076,1909f56bfc062723c751e8b465ee728b)  -> (artifact id: '178554f3871f4f3de57af6ef13b42a53') in 0.017123 seconds 
========================================================================
Received Import Request.
  Time since last request: 0.000024 seconds.
  path: Assets/Textures/Wenrexa Interface UI KIT #4/PNG 1/Icon13.png
  artifactKey: Guid(77cc38a2931b56c40a8691f7fbfe1924) Importer(815301076,1909f56bfc062723c751e8b465ee728b)
Start importing Assets/Textures/Wenrexa Interface UI KIT #4/PNG 1/Icon13.png using Guid(77cc38a2931b56c40a8691f7fbfe1924) Importer(815301076,1909f56bfc062723c751e8b465ee728b)  -> (artifact id: 'a8e4fb8acaf2acfe92f1b6c1b464cdda') in 0.040483 seconds 
========================================================================
Received Import Request.
  Time since last request: 0.000030 seconds.
  path: Assets/Textures/Wenrexa Interface UI KIT #4/PNG 1/Icon19.png
  artifactKey: Guid(b6b415cb6ffa21041b526bbc500e9338) Importer(815301076,1909f56bfc062723c751e8b465ee728b)
Start importing Assets/Textures/Wenrexa Interface UI KIT #4/PNG 1/Icon19.png using Guid(b6b415cb6ffa21041b526bbc500e9338) Importer(815301076,1909f56bfc062723c751e8b465ee728b)  -> (artifact id: 'd852e8afaca05ec1c748b89e28e6f965') in 0.031224 seconds 
========================================================================
Received Import Request.
  Time since last request: 0.000029 seconds.
  path: Assets/Textures/Wenrexa Interface UI KIT #4/PNG/Panel03.png
  artifactKey: Guid(4e40b29284c2f9b4f986a40af9fc6dae) Importer(815301076,1909f56bfc062723c751e8b465ee728b)
Start importing Assets/Textures/Wenrexa Interface UI KIT #4/PNG/Panel03.png using Guid(4e40b29284c2f9b4f986a40af9fc6dae) Importer(815301076,1909f56bfc062723c751e8b465ee728b)  -> (artifact id: '314e542b0f8df210d19ac78e1fda5016') in 0.020586 seconds 
========================================================================
Received Import Request.
  Time since last request: 0.000035 seconds.
  path: Assets/Invector-3rdPersonController_LITE/Resources/invectorBanner.png
  artifactKey: Guid(d3c4d19b2099c9943a8f4546fb418f26) Importer(815301076,1909f56bfc062723c751e8b465ee728b)
Start importing Assets/Invector-3rdPersonController_LITE/Resources/invectorBanner.png using Guid(d3c4d19b2099c9943a8f4546fb418f26) Importer(815301076,1909f56bfc062723c751e8b465ee728b)  -> (artifact id: '43f125d76cd5a4be58847191507da238') in 0.028531 seconds 
========================================================================
Received Import Request.
  Time since last request: 0.000028 seconds.
  path: Assets/Textures/Wenrexa Interface UI KIT #4/PNG 1/ResIcon06.png
  artifactKey: Guid(8edbcf9d0d87a884ab7bfdd8d41e1d6f) Importer(815301076,1909f56bfc062723c751e8b465ee728b)
Start importing Assets/Textures/Wenrexa Interface UI KIT #4/PNG 1/ResIcon06.png using Guid(8edbcf9d0d87a884ab7bfdd8d41e1d6f) Importer(815301076,1909f56bfc062723c751e8b465ee728b)  -> (artifact id: 'b0daf01f8baa63040f955746d3abad81') in 0.020442 seconds 
========================================================================
Received Import Request.
  Time since last request: 0.000023 seconds.
  path: Assets/Textures/Wenrexa Interface UI KIT #4/PNG 1/ResIcon15.png
  artifactKey: Guid(ef85e171759825c409ca9a2b7e5e6c12) Importer(815301076,1909f56bfc062723c751e8b465ee728b)
Start importing Assets/Textures/Wenrexa Interface UI KIT #4/PNG 1/ResIcon15.png using Guid(ef85e171759825c409ca9a2b7e5e6c12) Importer(815301076,1909f56bfc062723c751e8b465ee728b)  -> (artifact id: '5ff78959eb7af664da5d26a7f79ebea4') in 0.018732 seconds 
========================================================================
Received Import Request.
  Time since last request: 0.000025 seconds.
  path: Assets/Textures/Wenrexa Interface UI KIT #4/PNG 1/ResIcon18.png
  artifactKey: Guid(31b37494e0312df4681d1ad886719eb6) Importer(815301076,1909f56bfc062723c751e8b465ee728b)
Start importing Assets/Textures/Wenrexa Interface UI KIT #4/PNG 1/ResIcon18.png using Guid(31b37494e0312df4681d1ad886719eb6) Importer(815301076,1909f56bfc062723c751e8b465ee728b)  -> (artifact id: '5f794fbd9f01de59bb6a9b58b7054e8a') in 0.018444 seconds 
========================================================================
Received Import Request.
  Time since last request: 0.000022 seconds.
  path: Assets/Invector-3rdPersonController_LITE/3D Models/Textures/prototype_textures/Textures/NormalMap (2).png
  artifactKey: Guid(c64df1cff1fb4fb49ac5ced10b53a060) Importer(815301076,1909f56bfc062723c751e8b465ee728b)
Start importing Assets/Invector-3rdPersonController_LITE/3D Models/Textures/prototype_textures/Textures/NormalMap (2).png using Guid(c64df1cff1fb4fb49ac5ced10b53a060) Importer(815301076,1909f56bfc062723c751e8b465ee728b)  -> (artifact id: '3f3b0f7661a09bd1dfaf7c6ae2bf9e8c') in 0.022080 seconds 
========================================================================
Received Import Request.
  Time since last request: 0.000024 seconds.
  path: Assets/Textures/Wenrexa Interface UI KIT #4/PNG 1/ResIcon41.png
  artifactKey: Guid(5577197595eaada40bf1daec942701be) Importer(815301076,1909f56bfc062723c751e8b465ee728b)
Start importing Assets/Textures/Wenrexa Interface UI KIT #4/PNG 1/ResIcon41.png using Guid(5577197595eaada40bf1daec942701be) Importer(815301076,1909f56bfc062723c751e8b465ee728b)  -> (artifact id: 'd3277a568db388b7e984dbf1da4c149e') in 0.017393 seconds 
========================================================================
Received Import Request.
  Time since last request: 0.000024 seconds.
  path: Assets/Textures/Wenrexa Interface UI KIT #4/PNG 1/ResIcon37.png
  artifactKey: Guid(de972f748faf43b4ca1a843a3fca1601) Importer(815301076,1909f56bfc062723c751e8b465ee728b)
Start importing Assets/Textures/Wenrexa Interface UI KIT #4/PNG 1/ResIcon37.png using Guid(de972f748faf43b4ca1a843a3fca1601) Importer(815301076,1909f56bfc062723c751e8b465ee728b)  -> (artifact id: '14cbf26c6fc4a1604820199ff050671f') in 0.020283 seconds 
========================================================================
Received Import Request.
  Time since last request: 0.000025 seconds.
  path: Assets/Textures/Wenrexa Interface UI KIT #4/PNG 1/ResIcon01.png
  artifactKey: Guid(37c768b3ca701bb429cd779414d83ca3) Importer(815301076,1909f56bfc062723c751e8b465ee728b)
Start importing Assets/Textures/Wenrexa Interface UI KIT #4/PNG 1/ResIcon01.png using Guid(37c768b3ca701bb429cd779414d83ca3) Importer(815301076,1909f56bfc062723c751e8b465ee728b)  -> (artifact id: '1230aec3c475d36c67a45df2b4b0ea70') in 0.018409 seconds 
========================================================================
Received Import Request.
  Time since last request: 0.000022 seconds.
  path: Assets/Textures/Wenrexa Interface UI KIT #4/PNG 1/ResIcon29.png
  artifactKey: Guid(89ade57bc4b75094985f1d85b90ed1a0) Importer(815301076,1909f56bfc062723c751e8b465ee728b)
Start importing Assets/Textures/Wenrexa Interface UI KIT #4/PNG 1/ResIcon29.png using Guid(89ade57bc4b75094985f1d85b90ed1a0) Importer(815301076,1909f56bfc062723c751e8b465ee728b)  -> (artifact id: '6fbc1522afd4ac4e3a6f6b17f86674ae') in 0.019755 seconds 
========================================================================
Received Import Request.
  Time since last request: 0.000030 seconds.
  path: Assets/Textures/Wenrexa Interface UI KIT #4/PUT A RATING!.jpg
  artifactKey: Guid(4d3bf83f5e05a9944b2ebfc463512200) Importer(815301076,1909f56bfc062723c751e8b465ee728b)
Start importing Assets/Textures/Wenrexa Interface UI KIT #4/PUT A RATING!.jpg using Guid(4d3bf83f5e05a9944b2ebfc463512200) Importer(815301076,1909f56bfc062723c751e8b465ee728b)  -> (artifact id: '6197ed00b228e1232c2db2cef85a4a67') in 0.020651 seconds 
========================================================================
Received Import Request.
  Time since last request: 0.000028 seconds.
  path: Assets/Textures/Wenrexa Interface UI KIT #4/PNG 1/ResIcon20.png
  artifactKey: Guid(773a82547fde1d148af1c615e9a31582) Importer(815301076,1909f56bfc062723c751e8b465ee728b)
Start importing Assets/Textures/Wenrexa Interface UI KIT #4/PNG 1/ResIcon20.png using Guid(773a82547fde1d148af1c615e9a31582) Importer(815301076,1909f56bfc062723c751e8b465ee728b)  -> (artifact id: '20fef492973496e2ed8f5d864938f5d6') in 0.018744 seconds 
========================================================================
Received Import Request.
  Time since last request: 0.000023 seconds.
  path: Assets/Textures/Wenrexa Interface UI KIT #4/PNG/Panel02.png
  artifactKey: Guid(e97c1791437558d4ba1ecda1b776fd19) Importer(815301076,1909f56bfc062723c751e8b465ee728b)
Start importing Assets/Textures/Wenrexa Interface UI KIT #4/PNG/Panel02.png using Guid(e97c1791437558d4ba1ecda1b776fd19) Importer(815301076,1909f56bfc062723c751e8b465ee728b)  -> (artifact id: '68e6808689acdf5cd605c5237a8253bc') in 0.017405 seconds 
========================================================================
Received Import Request.
  Time since last request: 0.000024 seconds.
  path: Assets/Invector-3rdPersonController_LITE/3D Models/Textures/basicTextures/ShooterBanner.png
  artifactKey: Guid(da1d8fe1ebc7feb4ebb806bd1c168d29) Importer(815301076,1909f56bfc062723c751e8b465ee728b)
Start importing Assets/Invector-3rdPersonController_LITE/3D Models/Textures/basicTextures/ShooterBanner.png using Guid(da1d8fe1ebc7feb4ebb806bd1c168d29) Importer(815301076,1909f56bfc062723c751e8b465ee728b)  -> (artifact id: 'dfea6a1b7c2b8d4d5f45f1978b43effb') in 0.024037 seconds 
========================================================================
Received Import Request.
  Time since last request: 0.000029 seconds.
  path: Assets/Invector-3rdPersonController_LITE/Resources/topdownIcon.png
  artifactKey: Guid(ab3fd36963dd312479c34fbfdc6f98de) Importer(815301076,1909f56bfc062723c751e8b465ee728b)
Start importing Assets/Invector-3rdPersonController_LITE/Resources/topdownIcon.png using Guid(ab3fd36963dd312479c34fbfdc6f98de) Importer(815301076,1909f56bfc062723c751e8b465ee728b)  -> (artifact id: '52a881c9278d273fcd53ba9958e9fd3d') in 0.019392 seconds 
========================================================================
Received Import Request.
  Time since last request: 0.000029 seconds.
  path: Assets/Invector-3rdPersonController_LITE/Resources/TextAreaSkin.png
  artifactKey: Guid(d5bee62c9974267469602e2c42dda181) Importer(815301076,1909f56bfc062723c751e8b465ee728b)
Start importing Assets/Invector-3rdPersonController_LITE/Resources/TextAreaSkin.png using Guid(d5bee62c9974267469602e2c42dda181) Importer(815301076,1909f56bfc062723c751e8b465ee728b)  -> (artifact id: '7185bf5651fe2e5a22efe77e1c86513f') in 0.025638 seconds 
========================================================================
Received Import Request.
  Time since last request: 0.000035 seconds.
  path: Assets/Invector-3rdPersonController_LITE/Resources/Wall-nm.png
  artifactKey: Guid(64994417190443b499dde34cd05b52bd) Importer(815301076,1909f56bfc062723c751e8b465ee728b)
Start importing Assets/Invector-3rdPersonController_LITE/Resources/Wall-nm.png using Guid(64994417190443b499dde34cd05b52bd) Importer(815301076,1909f56bfc062723c751e8b465ee728b)  -> (artifact id: '655daba2956bddd499a45a42b7a5d13a') in 0.026194 seconds 
========================================================================
Received Import Request.
  Time since last request: 0.000026 seconds.
  path: Assets/Invector-3rdPersonController_LITE/Resources/swimmingAddon.png
  artifactKey: Guid(177313a88df715742a9552ff5f743007) Importer(815301076,1909f56bfc062723c751e8b465ee728b)
Start importing Assets/Invector-3rdPersonController_LITE/Resources/swimmingAddon.png using Guid(177313a88df715742a9552ff5f743007) Importer(815301076,1909f56bfc062723c751e8b465ee728b)  -> (artifact id: 'f09080e0b54b7db8678d0f079de8c03a') in 0.026179 seconds 
========================================================================
Received Import Request.
  Time since last request: 0.000039 seconds.
  path: Assets/Invector-3rdPersonController_LITE/Resources/templatesPromo.jpg
  artifactKey: Guid(38ad7ac5d5d785146a42d2dc6e4f7e42) Importer(815301076,1909f56bfc062723c751e8b465ee728b)
Start importing Assets/Invector-3rdPersonController_LITE/Resources/templatesPromo.jpg using Guid(38ad7ac5d5d785146a42d2dc6e4f7e42) Importer(815301076,1909f56bfc062723c751e8b465ee728b)  -> (artifact id: '605c083d63c0947c5e30c04ee3fd4b13') in 0.130781 seconds 
========================================================================
Received Import Request.
  Time since last request: 0.000027 seconds.
  path: Assets/Invector-3rdPersonController_LITE/3D Models/Textures/prototype_textures/Textures/vpoison-old-normal.png
  artifactKey: Guid(4885bf6ba9cd8a349927aa0d2e8d1f30) Importer(815301076,1909f56bfc062723c751e8b465ee728b)
Start importing Assets/Invector-3rdPersonController_LITE/3D Models/Textures/prototype_textures/Textures/vpoison-old-normal.png using Guid(4885bf6ba9cd8a349927aa0d2e8d1f30) Importer(815301076,1909f56bfc062723c751e8b465ee728b)  -> (artifact id: '844aa84c6c99d7a3fb91fd3e31b7dbd8') in 0.023401 seconds 
========================================================================
Received Import Request.
  Time since last request: 0.000032 seconds.
  path: Assets/StarterAssets/Mobile/UI/UI_Circle_Bevel_Base.png
  artifactKey: Guid(b74c31d447d2f5d41a61081bdf5e7126) Importer(815301076,1909f56bfc062723c751e8b465ee728b)
Start importing Assets/StarterAssets/Mobile/UI/UI_Circle_Bevel_Base.png using Guid(b74c31d447d2f5d41a61081bdf5e7126) Importer(815301076,1909f56bfc062723c751e8b465ee728b)  -> (artifact id: '3bb7079ecc64b5f45837bc7ed907fa33') in 0.108511 seconds 
========================================================================
Received Import Request.
  Time since last request: 0.000026 seconds.
  path: Assets/Invector-3rdPersonController_LITE/3D Models/Textures/prototype_textures/Textures/soilSand_NRM.png
  artifactKey: Guid(94bc72c56a46e474f8e0cf95c5f0aa49) Importer(815301076,1909f56bfc062723c751e8b465ee728b)
Start importing Assets/Invector-3rdPersonController_LITE/3D Models/Textures/prototype_textures/Textures/soilSand_NRM.png using Guid(94bc72c56a46e474f8e0cf95c5f0aa49) Importer(815301076,1909f56bfc062723c751e8b465ee728b)  -> (artifact id: 'c314f460d11380cd02285d806ddf5b2d') in 0.032521 seconds 
========================================================================
Received Import Request.
  Time since last request: 0.000059 seconds.
  path: Assets/Invector-3rdPersonController_LITE/3D Models/Textures/prototype_textures/Textures/vpoison-old.png
  artifactKey: Guid(eaeac9f7513efa046a4781a3a305d3cf) Importer(815301076,1909f56bfc062723c751e8b465ee728b)
Start importing Assets/Invector-3rdPersonController_LITE/3D Models/Textures/prototype_textures/Textures/vpoison-old.png using Guid(eaeac9f7513efa046a4781a3a305d3cf) Importer(815301076,1909f56bfc062723c751e8b465ee728b)  -> (artifact id: '88072cb736734ea38f670c23826e275e') in 0.027578 seconds 
========================================================================
Received Import Request.
  Time since last request: 0.000026 seconds.
  path: Assets/Invector-3rdPersonController_LITE/3D Models/Textures/prototype_textures/Textures/proto-white_OCC.png
  artifactKey: Guid(71e647f3a3046784e9ef09f3e3874dee) Importer(815301076,1909f56bfc062723c751e8b465ee728b)
Start importing Assets/Invector-3rdPersonController_LITE/3D Models/Textures/prototype_textures/Textures/proto-white_OCC.png using Guid(71e647f3a3046784e9ef09f3e3874dee) Importer(815301076,1909f56bfc062723c751e8b465ee728b)  -> (artifact id: 'dbaa271131e32a69d4b7d832af02e454') in 0.017482 seconds 
========================================================================
Received Import Request.
  Time since last request: 0.000028 seconds.
  path: Assets/Textures/Wenrexa Interface UI KIT #4/Wenrexa Interface UI KIT #4.psd
  artifactKey: Guid(0f45db809307ee246a2f72f7b6d957a9) Importer(815301076,1909f56bfc062723c751e8b465ee728b)
Start importing Assets/Textures/Wenrexa Interface UI KIT #4/Wenrexa Interface UI KIT #4.psd using Guid(0f45db809307ee246a2f72f7b6d957a9) Importer(815301076,1909f56bfc062723c751e8b465ee728b)  -> (artifact id: '722cf4cf62097f029731ee42f22693ce') in 0.032361 seconds 
========================================================================
Received Import Request.
  Time since last request: 0.000023 seconds.
  path: Assets/Invector-3rdPersonController_LITE/Resources/platformIcon.png
  artifactKey: Guid(37bf633cb5edb2145bc588e6afc98e70) Importer(815301076,1909f56bfc062723c751e8b465ee728b)
Start importing Assets/Invector-3rdPersonController_LITE/Resources/platformIcon.png using Guid(37bf633cb5edb2145bc588e6afc98e70) Importer(815301076,1909f56bfc062723c751e8b465ee728b)  -> (artifact id: '4730f6883782cc89aecf198f1d1bed09') in 0.020354 seconds 
========================================================================
Received Import Request.
  Time since last request: 0.000027 seconds.
  path: Assets/Textures/Wenrexa Interface UI KIT #4/PNG 1/ResIcon38.png
  artifactKey: Guid(75c915a2772438c4888204dc65d6dea3) Importer(815301076,1909f56bfc062723c751e8b465ee728b)
Start importing Assets/Textures/Wenrexa Interface UI KIT #4/PNG 1/ResIcon38.png using Guid(75c915a2772438c4888204dc65d6dea3) Importer(815301076,1909f56bfc062723c751e8b465ee728b)  -> (artifact id: '10a07d2e10620175413fa03ca8a2e8b8') in 0.019747 seconds 
========================================================================
Received Import Request.
  Time since last request: 0.000024 seconds.
  path: Assets/Textures/Wenrexa Interface UI KIT #4/PNG 1/ResIcon26.png
  artifactKey: Guid(d89ab120a4a780c4789c3626fab828f7) Importer(815301076,1909f56bfc062723c751e8b465ee728b)
Start importing Assets/Textures/Wenrexa Interface UI KIT #4/PNG 1/ResIcon26.png using Guid(d89ab120a4a780c4789c3626fab828f7) Importer(815301076,1909f56bfc062723c751e8b465ee728b)  -> (artifact id: '5a097490624dd488532442b996ac1b12') in 0.018437 seconds 
========================================================================
Received Import Request.
  Time since last request: 0.000025 seconds.
  path: Assets/StarterAssets/ThirdPersonController/Scenes/Playground/ReflectionProbe-1.exr
  artifactKey: Guid(1b8a4de7469ad774c80dd6678d94e6b9) Importer(815301076,1909f56bfc062723c751e8b465ee728b)
Start importing Assets/StarterAssets/ThirdPersonController/Scenes/Playground/ReflectionProbe-1.exr using Guid(1b8a4de7469ad774c80dd6678d94e6b9) Importer(815301076,1909f56bfc062723c751e8b465ee728b)  -> (artifact id: 'fddf796bac22da1006b809558f456bf1') in 0.049038 seconds 
========================================================================
Received Import Request.
  Time since last request: 0.000034 seconds.
  path: Assets/Invector-3rdPersonController_LITE/3D Models/Textures/prototype_textures/Textures/metal_normal.png
  artifactKey: Guid(12f69e56d82f345468f635e2842c3154) Importer(815301076,1909f56bfc062723c751e8b465ee728b)
Start importing Assets/Invector-3rdPersonController_LITE/3D Models/Textures/prototype_textures/Textures/metal_normal.png using Guid(12f69e56d82f345468f635e2842c3154) Importer(815301076,1909f56bfc062723c751e8b465ee728b)  -> (artifact id: 'a2c2eaba84e2f759d4af508befc152ed') in 0.022292 seconds 
========================================================================
Received Import Request.
  Time since last request: 0.000030 seconds.
  path: Assets/Textures/Wenrexa Interface UI KIT #4/PNG 1/Icon15.png
  artifactKey: Guid(96373beb866d1634090bf61e8d36270e) Importer(815301076,1909f56bfc062723c751e8b465ee728b)
Start importing Assets/Textures/Wenrexa Interface UI KIT #4/PNG 1/Icon15.png using Guid(96373beb866d1634090bf61e8d36270e) Importer(815301076,1909f56bfc062723c751e8b465ee728b)  -> (artifact id: '8979d0faf784cd6122e104368c890e20') in 0.022443 seconds 
========================================================================
Received Import Request.
  Time since last request: 0.000031 seconds.
  path: Assets/Textures/Wenrexa Interface UI KIT #4/PNG 1/ResIcon35.png
  artifactKey: Guid(5f4b758cdb443104996554e3ba6d6a24) Importer(815301076,1909f56bfc062723c751e8b465ee728b)
Start importing Assets/Textures/Wenrexa Interface UI KIT #4/PNG 1/ResIcon35.png using Guid(5f4b758cdb443104996554e3ba6d6a24) Importer(815301076,1909f56bfc062723c751e8b465ee728b)  -> (artifact id: 'f280a2f21f29a9d67a100569ad4885f2') in 0.017397 seconds 
========================================================================
Received Import Request.
  Time since last request: 0.000018 seconds.
  path: Assets/StarterAssets/Mobile/UI/UI_Icon_Move.png
  artifactKey: Guid(ff7bfa7addf40784d86f62b8e4a034a6) Importer(815301076,1909f56bfc062723c751e8b465ee728b)
Start importing Assets/StarterAssets/Mobile/UI/UI_Icon_Move.png using Guid(ff7bfa7addf40784d86f62b8e4a034a6) Importer(815301076,1909f56bfc062723c751e8b465ee728b)  -> (artifact id: '0b7dc418e0a879bd963184fa5cc19b58') in 0.074302 seconds 
========================================================================
Received Import Request.
  Time since last request: 0.032060 seconds.
  path: Assets/Invector-3rdPersonController_LITE/Resources/Wall-occ_fully.png
  artifactKey: Guid(56b7a2fbd53aad443ba0c276ded969cb) Importer(815301076,1909f56bfc062723c751e8b465ee728b)
Start importing Assets/Invector-3rdPersonController_LITE/Resources/Wall-occ_fully.png using Guid(56b7a2fbd53aad443ba0c276ded969cb) Importer(815301076,1909f56bfc062723c751e8b465ee728b)  -> (artifact id: '5518e53bd7dfc85e1495d35ba0e170f6') in 0.022028 seconds 
========================================================================
Received Prepare
Registering precompiled user dll's ...
Registered in 0.007928 seconds.
Begin MonoManager ReloadAssembly
Symbol file LoadedFromMemory is not a mono symbol file
Symbol file LoadedFromMemory doesn't match image C:\Unity Projects\ASII - Killerpredate\Unity - Killerpredate\Library\PackageCache\com.unity.visualscripting@1.7.8\Editor\VisualScripting.Core\Dependencies\YamlDotNet\Unity.VisualScripting.YamlDotNet.dll
Symbol file LoadedFromMemory doesn't match image C:\Unity Projects\ASII - Killerpredate\Unity - Killerpredate\Library\PackageCache\com.unity.visualscripting@1.7.8\Editor\VisualScripting.Core\Dependencies\DotNetZip\Unity.VisualScripting.IonicZip.dll
Native extension for WindowsStandalone target not found
Native extension for WebGL target not found
Refreshing native plugins compatible for Editor in 157.77 ms, found 3 plugins.
Preloading 0 native plugins for Editor in 0.00 ms.
Mono: successfully reloaded assembly
- Completed reload, in  1.618 seconds
Domain Reload Profiling:
	ReloadAssembly (1619ms)
		BeginReloadAssembly (167ms)
			ExecutionOrderSort (0ms)
			DisableScriptedObjects (9ms)
			BackupInstance (0ms)
			ReleaseScriptingObjects (0ms)
			CreateAndSetChildDomain (51ms)
		EndReloadAssembly (1355ms)
			LoadAssemblies (101ms)
			RebuildTransferFunctionScriptingTraits (0ms)
			SetupTypeCache (373ms)
			ReleaseScriptCaches (2ms)
			RebuildScriptCaches (65ms)
			SetupLoadedEditorAssemblies (761ms)
				LogAssemblyErrors (0ms)
				InitializePlatformSupportModulesInManaged (13ms)
				SetLoadedEditorAssemblies (0ms)
				RefreshPlugins (158ms)
				BeforeProcessingInitializeOnLoad (100ms)
				ProcessInitializeOnLoadAttributes (373ms)
				ProcessInitializeOnLoadMethodAttributes (112ms)
				AfterProcessingInitializeOnLoad (5ms)
				EditorAssembliesLoaded (0ms)
			ExecutionOrderSort2 (0ms)
			AwakeInstancesAfterBackupRestoration (5ms)
Platform modules already initialized, skipping
Shader 'Universal Render Pipeline/Nature/SpeedTree7': fallback shader 'Hidden/Universal Render Pipeline/FallbackError' not found
Shader 'Universal Render Pipeline/Nature/SpeedTree7': dependency 'BillboardShader' shader 'Universal Render Pipeline/Nature/SpeedTree7 Billboard' not found
Shader 'Hidden/Universal Render Pipeline/Terrain/Lit (Add Pass)': fallback shader 'Hidden/Universal Render Pipeline/FallbackError' not found
Shader 'Hidden/Universal Render Pipeline/Terrain/Lit (Base Pass)': fallback shader 'Hidden/Universal Render Pipeline/FallbackError' not found
WARNING: Shader Unsupported: 'Hidden/Universal Render Pipeline/Terrain/Lit (Base Pass)' - All subshaders removed
WARNING: Shader Did you use #pragma only_renderers and omit this platform?
WARNING: Shader If subshaders removal was intentional, you may have forgotten turning Fallback off?
WARNING: Shader Unsupported: 'Hidden/Universal Render Pipeline/Terrain/Lit (Base Pass)' - All subshaders removed
WARNING: Shader Did you use #pragma only_renderers and omit this platform?
WARNING: Shader If subshaders removal was intentional, you may have forgotten turning Fallback off?
Shader 'Hidden/Universal Render Pipeline/FallbackError': fallback shader 'Hidden/Core/FallbackError' not found
Shader 'Universal Render Pipeline/Baked Lit': fallback shader 'Universal Render Pipeline/Unlit' not found
Refreshing native plugins compatible for Editor in 3.63 ms, found 3 plugins.
Preloading 0 native plugins for Editor in 0.00 ms.
Unloading 7394 Unused Serialized files (Serialized files now loaded: 0)
Unloading 113 unused Assets / (6.7 MB). Loaded Objects now: 7906.
Memory consumption went from 294.2 MB to 287.6 MB.
Total: 21.989300 ms (FindLiveObjects: 3.677300 ms CreateObjectMapping: 5.034700 ms MarkObjects: 4.281600 ms  DeleteObjects: 8.993700 ms)

AssetImportParameters requested are different than current active one (requested -> active):
  custom:video-decoder-ogg-theora: a1e56fd34408186e4bbccfd4996cb3dc -> 
  custom:container-muxer-webm: aa71ff27fc2769a1b78a27578f13a17b -> 
  custom:container-demuxer-webm: 4f35f7cbe854078d1ac9338744f61a02 -> 
  custom:video-encoder-webm-vp8: eb34c28f22e8b96e1ab97ce403110664 -> 
  custom:audio-encoder-webm-vorbis: bf7c407c2cedff20999df2af8eb42d56 -> 
  custom:framework-win-MediaFoundation: 216162199b28c13a410421893ffa2e32 -> 
  custom:container-demuxer-ogg: 62fdf1f143b41e24485cea50d1cbac27 -> 
  custom:video-decoder-webm-vp8: 9c59270c3fd7afecdb556c50c9e8de78 -> 
  custom:audio-decoder-ogg-vorbis: bf7c407c2cedff20999df2af8eb42d56 -> 
========================================================================
Received Import Request.
  Time since last request: 454.208368 seconds.
  path: Assets/Textures/Wenrexa Interface UI KIT #4/PNG/Icons/Arrow.png
  artifactKey: Guid(ac1bc4d160f0c8044a6feb7dcaec53bf) Importer(815301076,1909f56bfc062723c751e8b465ee728b)
Start importing Assets/Textures/Wenrexa Interface UI KIT #4/PNG/Icons/Arrow.png using Guid(ac1bc4d160f0c8044a6feb7dcaec53bf) Importer(815301076,1909f56bfc062723c751e8b465ee728b)  -> (artifact id: 'c9c21e975ae81b612dbe654eb58006b6') in 0.080900 seconds 
========================================================================
Received Import Request.
  Time since last request: 0.000037 seconds.
  path: Assets/Textures/Wenrexa Interface UI KIT #4/PNG/Icons/Icon13.png
  artifactKey: Guid(e5721097ac310dd46908ea58b214712e) Importer(815301076,1909f56bfc062723c751e8b465ee728b)
Start importing Assets/Textures/Wenrexa Interface UI KIT #4/PNG/Icons/Icon13.png using Guid(e5721097ac310dd46908ea58b214712e) Importer(815301076,1909f56bfc062723c751e8b465ee728b)  -> (artifact id: 'df0b8ecf01cda193a21c0bf2b0a8bde1') in 0.016405 seconds 
========================================================================
Received Import Request.
  Time since last request: 0.000045 seconds.
  path: Assets/Textures/Wenrexa Interface UI KIT #4/PNG/Icons/Icon03.png
  artifactKey: Guid(bce9749c46451134b9854c00f7ecc1fd) Importer(815301076,1909f56bfc062723c751e8b465ee728b)
Start importing Assets/Textures/Wenrexa Interface UI KIT #4/PNG/Icons/Icon03.png using Guid(bce9749c46451134b9854c00f7ecc1fd) Importer(815301076,1909f56bfc062723c751e8b465ee728b)  -> (artifact id: 'c699a78c982e1e88b76ce8650d820d78') in 0.018266 seconds 
========================================================================
Received Import Request.
  Time since last request: 0.000029 seconds.
  path: Assets/Textures/Wenrexa Interface UI KIT #4/PNG/Icons/ArrowsLeft2.png
  artifactKey: Guid(2298317776a7e984b83a554c99b482fe) Importer(815301076,1909f56bfc062723c751e8b465ee728b)
Start importing Assets/Textures/Wenrexa Interface UI KIT #4/PNG/Icons/ArrowsLeft2.png using Guid(2298317776a7e984b83a554c99b482fe) Importer(815301076,1909f56bfc062723c751e8b465ee728b)  -> (artifact id: '71151308950a50b3e7a0a2f8afb4ee5e') in 0.021729 seconds 
========================================================================
Received Import Request.
  Time since last request: 0.000034 seconds.
  path: Assets/Textures/Wenrexa Interface UI KIT #4/PNG/Icons/Circle01.png
  artifactKey: Guid(06723d89a9ac3d24d817b2045bc4a753) Importer(815301076,1909f56bfc062723c751e8b465ee728b)
Start importing Assets/Textures/Wenrexa Interface UI KIT #4/PNG/Icons/Circle01.png using Guid(06723d89a9ac3d24d817b2045bc4a753) Importer(815301076,1909f56bfc062723c751e8b465ee728b)  -> (artifact id: 'f46a5b8e7e41790848602cbfcc0d9015') in 0.017871 seconds 
========================================================================
Received Import Request.
  Time since last request: 0.000035 seconds.
  path: Assets/Textures/Wenrexa Interface UI KIT #4/PNG/Icons/Close.png
  artifactKey: Guid(efb2b08d0be77864eac20d18a6a513e9) Importer(815301076,1909f56bfc062723c751e8b465ee728b)
Start importing Assets/Textures/Wenrexa Interface UI KIT #4/PNG/Icons/Close.png using Guid(efb2b08d0be77864eac20d18a6a513e9) Importer(815301076,1909f56bfc062723c751e8b465ee728b)  -> (artifact id: '5a4688d3e83276699d743998a3aab3cb') in 0.029296 seconds 
========================================================================
Received Import Request.
  Time since last request: 0.000070 seconds.
  path: Assets/Textures/Wenrexa Interface UI KIT #4/PNG/Icons/Icon22.png
  artifactKey: Guid(a7d7cbbffd8aa00449402f165cf4a9bb) Importer(815301076,1909f56bfc062723c751e8b465ee728b)
Start importing Assets/Textures/Wenrexa Interface UI KIT #4/PNG/Icons/Icon22.png using Guid(a7d7cbbffd8aa00449402f165cf4a9bb) Importer(815301076,1909f56bfc062723c751e8b465ee728b)  -> (artifact id: 'f9089c5d575eecd37cd2dfa3f18ded5a') in 0.029666 seconds 
========================================================================
Received Import Request.
  Time since last request: 0.000035 seconds.
  path: Assets/Textures/Wenrexa Interface UI KIT #4/PNG/Icons/Icon06.png
  artifactKey: Guid(344e1c9ddb5a58d48b0200bec0265170) Importer(815301076,1909f56bfc062723c751e8b465ee728b)
Start importing Assets/Textures/Wenrexa Interface UI KIT #4/PNG/Icons/Icon06.png using Guid(344e1c9ddb5a58d48b0200bec0265170) Importer(815301076,1909f56bfc062723c751e8b465ee728b)  -> (artifact id: 'cdd42b2020a520470af44ed16795ddf2') in 0.019380 seconds 
========================================================================
Received Import Request.
  Time since last request: 0.000037 seconds.
  path: Assets/Textures/Wenrexa Interface UI KIT #4/PNG/Icons/Icon07.png
  artifactKey: Guid(04496fa350757434eae93a5c0b649791) Importer(815301076,1909f56bfc062723c751e8b465ee728b)
Start importing Assets/Textures/Wenrexa Interface UI KIT #4/PNG/Icons/Icon07.png using Guid(04496fa350757434eae93a5c0b649791) Importer(815301076,1909f56bfc062723c751e8b465ee728b)  -> (artifact id: '89e538eade3427609aa9cabc86295de7') in 0.020007 seconds 
========================================================================
Received Import Request.
  Time since last request: 0.000030 seconds.
  path: Assets/Textures/Wenrexa Interface UI KIT #4/PNG/Icons/ArrowsLeft3.png
  artifactKey: Guid(74e193405e879744daaac4ca2b8a259c) Importer(815301076,1909f56bfc062723c751e8b465ee728b)
Start importing Assets/Textures/Wenrexa Interface UI KIT #4/PNG/Icons/ArrowsLeft3.png using Guid(74e193405e879744daaac4ca2b8a259c) Importer(815301076,1909f56bfc062723c751e8b465ee728b)  -> (artifact id: 'e75e59a3b3bc8b06a1d0216d4801bd83') in 0.028418 seconds 
========================================================================
Received Import Request.
  Time since last request: 0.000031 seconds.
  path: Assets/Textures/Wenrexa Interface UI KIT #4/PNG/Icons/Icon04.png
  artifactKey: Guid(b7c2495ecd2e7964aab1c01c8490991c) Importer(815301076,1909f56bfc062723c751e8b465ee728b)
Start importing Assets/Textures/Wenrexa Interface UI KIT #4/PNG/Icons/Icon04.png using Guid(b7c2495ecd2e7964aab1c01c8490991c) Importer(815301076,1909f56bfc062723c751e8b465ee728b)  -> (artifact id: 'b64a6e498f430aa739b84385a3003574') in 0.020853 seconds 
========================================================================
Received Import Request.
  Time since last request: 0.000033 seconds.
  path: Assets/Textures/Wenrexa Interface UI KIT #4/PNG/Icons/Icon18.png
  artifactKey: Guid(d3d18894494e67448a8594171fcb00b8) Importer(815301076,1909f56bfc062723c751e8b465ee728b)
Start importing Assets/Textures/Wenrexa Interface UI KIT #4/PNG/Icons/Icon18.png using Guid(d3d18894494e67448a8594171fcb00b8) Importer(815301076,1909f56bfc062723c751e8b465ee728b)  -> (artifact id: 'e4677b5ce31dd6d4cf147efc902a7e61') in 0.017822 seconds 
========================================================================
Received Import Request.
  Time since last request: 0.000034 seconds.
  path: Assets/Textures/Wenrexa Interface UI KIT #4/PNG/Icons/Icon23.png
  artifactKey: Guid(cd3179f78d0ed444aaf3b9530ae65d50) Importer(815301076,1909f56bfc062723c751e8b465ee728b)
Start importing Assets/Textures/Wenrexa Interface UI KIT #4/PNG/Icons/Icon23.png using Guid(cd3179f78d0ed444aaf3b9530ae65d50) Importer(815301076,1909f56bfc062723c751e8b465ee728b)  -> (artifact id: 'ab555f10d56f8b0965cc56f34a9bf467') in 0.020824 seconds 
========================================================================
Received Import Request.
  Time since last request: 0.000032 seconds.
  path: Assets/Textures/Wenrexa Interface UI KIT #4/PNG/Icons/Icon02.png
  artifactKey: Guid(261e2aa23be70194581ed58e46311f92) Importer(815301076,1909f56bfc062723c751e8b465ee728b)
Start importing Assets/Textures/Wenrexa Interface UI KIT #4/PNG/Icons/Icon02.png using Guid(261e2aa23be70194581ed58e46311f92) Importer(815301076,1909f56bfc062723c751e8b465ee728b)  -> (artifact id: '28be3e49974b7dee6f134914779d11d9') in 0.025104 seconds 
========================================================================
Received Import Request.
  Time since last request: 0.000079 seconds.
  path: Assets/Textures/Wenrexa Interface UI KIT #4/PNG/Icons/Icon05.png
  artifactKey: Guid(5aa36d6582c337547be3291b2046b9bc) Importer(815301076,1909f56bfc062723c751e8b465ee728b)
Start importing Assets/Textures/Wenrexa Interface UI KIT #4/PNG/Icons/Icon05.png using Guid(5aa36d6582c337547be3291b2046b9bc) Importer(815301076,1909f56bfc062723c751e8b465ee728b)  -> (artifact id: '700091f7f038201ae4a5bda8f412c225') in 0.023732 seconds 
========================================================================
Received Import Request.
  Time since last request: 0.000040 seconds.
  path: Assets/Textures/Wenrexa Interface UI KIT #4/PNG/Icons/Icon10.png
  artifactKey: Guid(813f48117cc0e32449bbdfe98253535b) Importer(815301076,1909f56bfc062723c751e8b465ee728b)
Start importing Assets/Textures/Wenrexa Interface UI KIT #4/PNG/Icons/Icon10.png using Guid(813f48117cc0e32449bbdfe98253535b) Importer(815301076,1909f56bfc062723c751e8b465ee728b)  -> (artifact id: '4285d2756cac82536d8918d8ba17db55') in 0.019375 seconds 
========================================================================
Received Import Request.
  Time since last request: 0.000026 seconds.
  path: Assets/Textures/Wenrexa Interface UI KIT #4/PNG/Icons/Icon14.png
  artifactKey: Guid(e58811c1241bb964fa30d6bedff6a460) Importer(815301076,1909f56bfc062723c751e8b465ee728b)
Start importing Assets/Textures/Wenrexa Interface UI KIT #4/PNG/Icons/Icon14.png using Guid(e58811c1241bb964fa30d6bedff6a460) Importer(815301076,1909f56bfc062723c751e8b465ee728b)  -> (artifact id: 'a4c8759207f9f61b892fcfa63e691ac0') in 0.017479 seconds 
========================================================================
Received Import Request.
  Time since last request: 0.000033 seconds.
  path: Assets/Textures/Wenrexa Interface UI KIT #4/PNG/Icons/Icon08.png
  artifactKey: Guid(5a9ae2700302c05449cfd0771d6f8af7) Importer(815301076,1909f56bfc062723c751e8b465ee728b)
Start importing Assets/Textures/Wenrexa Interface UI KIT #4/PNG/Icons/Icon08.png using Guid(5a9ae2700302c05449cfd0771d6f8af7) Importer(815301076,1909f56bfc062723c751e8b465ee728b)  -> (artifact id: '92fbba1a423a11b53932c1ae7ce1818a') in 0.021762 seconds 
