Using pre-set license
Built from '2021.3/staging' branch; Version is '2021.3.11f1 (0a5ca18544bf) revision 679073'; Using compiler version '192829333'; Build Type 'Release'
OS: 'Windows 11  (10.0.22000) 64bit Professional' Language: 'en' Physical Memory: 16337 MB
BatchMode: 1, IsHumanControllingUs: 0, StartBugReporterOnCrash: 0, Is64bit: 1, IsPro: 1

COMMAND LINE ARGUMENTS:
C:\Program Files\Unity\Hub\Editor\2021.3.11f1\Editor\Unity.exe
-adb2
-batchMode
-noUpm
-name
AssetImportWorker3
-projectPath
C:/Unity Projects/ASII - Killerpredate/Unity - Killerpredate
-logFile
Logs/AssetImportWorker3.log
-srvPort
65484
Successfully changed project path to: C:/Unity Projects/ASII - Killerpredate/Unity - Killerpredate
C:/Unity Projects/ASII - Killerpredate/Unity - Killerpredate
[UnityMemory] Configuration Parameters - Can be set up in boot.config
    "memorysetup-bucket-allocator-granularity=16"
    "memorysetup-bucket-allocator-bucket-count=8"
    "memorysetup-bucket-allocator-block-size=33554432"
    "memorysetup-bucket-allocator-block-count=8"
    "memorysetup-main-allocator-block-size=16777216"
    "memorysetup-thread-allocator-block-size=16777216"
    "memorysetup-gfx-main-allocator-block-size=16777216"
    "memorysetup-gfx-thread-allocator-block-size=16777216"
    "memorysetup-cache-allocator-block-size=4194304"
    "memorysetup-typetree-allocator-block-size=2097152"
    "memorysetup-profiler-bucket-allocator-granularity=16"
    "memorysetup-profiler-bucket-allocator-bucket-count=8"
    "memorysetup-profiler-bucket-allocator-block-size=33554432"
    "memorysetup-profiler-bucket-allocator-block-count=8"
    "memorysetup-profiler-allocator-block-size=16777216"
    "memorysetup-profiler-editor-allocator-block-size=1048576"
    "memorysetup-temp-allocator-size-main=16777216"
    "memorysetup-job-temp-allocator-block-size=2097152"
    "memorysetup-job-temp-allocator-block-size-background=1048576"
    "memorysetup-job-temp-allocator-reduction-small-platforms=262144"
    "memorysetup-temp-allocator-size-background-worker=32768"
    "memorysetup-temp-allocator-size-job-worker=262144"
    "memorysetup-temp-allocator-size-preload-manager=33554432"
    "memorysetup-temp-allocator-size-nav-mesh-worker=65536"
    "memorysetup-temp-allocator-size-audio-worker=65536"
    "memorysetup-temp-allocator-size-cloud-worker=32768"
    "memorysetup-temp-allocator-size-gi-baking-worker=262144"
    "memorysetup-temp-allocator-size-gfx=262144"
Refreshing native plugins compatible for Editor in 165.89 ms, found 3 plugins.
Preloading 0 native plugins for Editor in 0.00 ms.
Initialize engine version: 2021.3.11f1 (0a5ca18544bf)
[Subsystems] Discovering subsystems at path C:/Program Files/Unity/Hub/Editor/2021.3.11f1/Editor/Data/Resources/UnitySubsystems
[Subsystems] Discovering subsystems at path C:/Unity Projects/ASII - Killerpredate/Unity - Killerpredate/Assets
GfxDevice: creating device client; threaded=0; jobified=0
Direct3D:
    Version:  Direct3D 11.0 [level 11.1]
    Renderer: NVIDIA GeForce GTX 1060 6GB (ID=0x1c03)
    Vendor:   NVIDIA
    VRAM:     6052 MB
    Driver:   31.0.15.2225
Initialize mono
Mono path[0] = 'C:/Program Files/Unity/Hub/Editor/2021.3.11f1/Editor/Data/Managed'
Mono path[1] = 'C:/Program Files/Unity/Hub/Editor/2021.3.11f1/Editor/Data/MonoBleedingEdge/lib/mono/unityjit-win32'
Mono config path = 'C:/Program Files/Unity/Hub/Editor/2021.3.11f1/Editor/Data/MonoBleedingEdge/etc'
Using monoOptions --debugger-agent=transport=dt_socket,embedding=1,server=y,suspend=n,address=127.0.0.1:56924
Begin MonoManager ReloadAssembly
Registering precompiled unity dll's ...
Register platform support module: C:/Program Files/Unity/Hub/Editor/2021.3.11f1/Editor/Data/PlaybackEngines/WebGLSupport/UnityEditor.WebGL.Extensions.dll
Register platform support module: C:/Program Files/Unity/Hub/Editor/2021.3.11f1/Editor/Data/PlaybackEngines/WindowsStandaloneSupport/UnityEditor.WindowsStandalone.Extensions.dll
Registered in 0.003738 seconds.
Native extension for WindowsStandalone target not found
Native extension for WebGL target not found
Refreshing native plugins compatible for Editor in 180.89 ms, found 3 plugins.
Preloading 0 native plugins for Editor in 0.00 ms.
Mono: successfully reloaded assembly
- Completed reload, in  0.705 seconds
Domain Reload Profiling:
	ReloadAssembly (706ms)
		BeginReloadAssembly (61ms)
			ExecutionOrderSort (0ms)
			DisableScriptedObjects (0ms)
			BackupInstance (0ms)
			ReleaseScriptingObjects (0ms)
			CreateAndSetChildDomain (1ms)
		EndReloadAssembly (537ms)
			LoadAssemblies (60ms)
			RebuildTransferFunctionScriptingTraits (0ms)
			SetupTypeCache (93ms)
			ReleaseScriptCaches (0ms)
			RebuildScriptCaches (27ms)
			SetupLoadedEditorAssemblies (368ms)
				LogAssemblyErrors (0ms)
				InitializePlatformSupportModulesInManaged (7ms)
				SetLoadedEditorAssemblies (0ms)
				RefreshPlugins (181ms)
				BeforeProcessingInitializeOnLoad (1ms)
				ProcessInitializeOnLoadAttributes (135ms)
				ProcessInitializeOnLoadMethodAttributes (43ms)
				AfterProcessingInitializeOnLoad (0ms)
				EditorAssembliesLoaded (0ms)
			ExecutionOrderSort2 (0ms)
			AwakeInstancesAfterBackupRestoration (0ms)
Platform modules already initialized, skipping
Registering precompiled user dll's ...
Registered in 0.008587 seconds.
Begin MonoManager ReloadAssembly
Symbol file LoadedFromMemory is not a mono symbol file
Symbol file LoadedFromMemory doesn't match image C:\Unity Projects\ASII - Killerpredate\Unity - Killerpredate\Library\PackageCache\com.unity.visualscripting@1.7.8\Editor\VisualScripting.Core\Dependencies\YamlDotNet\Unity.VisualScripting.YamlDotNet.dll
Symbol file LoadedFromMemory doesn't match image C:\Unity Projects\ASII - Killerpredate\Unity - Killerpredate\Library\PackageCache\com.unity.visualscripting@1.7.8\Editor\VisualScripting.Core\Dependencies\DotNetZip\Unity.VisualScripting.IonicZip.dll
Native extension for WindowsStandalone target not found
Native extension for WebGL target not found
Refreshing native plugins compatible for Editor in 184.82 ms, found 3 plugins.
Preloading 0 native plugins for Editor in 0.00 ms.
Mono: successfully reloaded assembly
- Completed reload, in  1.677 seconds
Domain Reload Profiling:
	ReloadAssembly (1678ms)
		BeginReloadAssembly (122ms)
			ExecutionOrderSort (0ms)
			DisableScriptedObjects (6ms)
			BackupInstance (0ms)
			ReleaseScriptingObjects (0ms)
			CreateAndSetChildDomain (24ms)
		EndReloadAssembly (1420ms)
			LoadAssemblies (136ms)
			RebuildTransferFunctionScriptingTraits (0ms)
			SetupTypeCache (328ms)
			ReleaseScriptCaches (1ms)
			RebuildScriptCaches (76ms)
			SetupLoadedEditorAssemblies (844ms)
				LogAssemblyErrors (0ms)
				InitializePlatformSupportModulesInManaged (5ms)
				SetLoadedEditorAssemblies (0ms)
				RefreshPlugins (185ms)
				BeforeProcessingInitializeOnLoad (179ms)
				ProcessInitializeOnLoadAttributes (373ms)
				ProcessInitializeOnLoadMethodAttributes (98ms)
				AfterProcessingInitializeOnLoad (4ms)
				EditorAssembliesLoaded (0ms)
			ExecutionOrderSort2 (0ms)
			AwakeInstancesAfterBackupRestoration (5ms)
Platform modules already initialized, skipping
========================================================================
Worker process is ready to serve import requests
Launched and connected shader compiler UnityShaderCompiler.exe after 0.05 seconds
Refreshing native plugins compatible for Editor in 1.55 ms, found 3 plugins.
Preloading 0 native plugins for Editor in 0.00 ms.
Unloading 7483 Unused Serialized files (Serialized files now loaded: 0)
Unloading 60 unused Assets / (0.8 MB). Loaded Objects now: 7942.
Memory consumption went from 299.1 MB to 298.2 MB.
Total: 4.450100 ms (FindLiveObjects: 0.643800 ms CreateObjectMapping: 0.213300 ms MarkObjects: 3.213100 ms  DeleteObjects: 0.379000 ms)

AssetImportParameters requested are different than current active one (requested -> active):
  custom:video-decoder-ogg-theora: a1e56fd34408186e4bbccfd4996cb3dc -> 
  custom:container-muxer-webm: aa71ff27fc2769a1b78a27578f13a17b -> 
  custom:container-demuxer-webm: 4f35f7cbe854078d1ac9338744f61a02 -> 
  custom:video-encoder-webm-vp8: eb34c28f22e8b96e1ab97ce403110664 -> 
  custom:audio-encoder-webm-vorbis: bf7c407c2cedff20999df2af8eb42d56 -> 
  custom:framework-win-MediaFoundation: 216162199b28c13a410421893ffa2e32 -> 
  custom:SearchIndexIgnoredProperties: e643bd26f0fe6173181afceb89e7c659 -> 
  custom:container-demuxer-ogg: 62fdf1f143b41e24485cea50d1cbac27 -> 
  custom:video-decoder-webm-vp8: 9c59270c3fd7afecdb556c50c9e8de78 -> 
  custom:audio-decoder-ogg-vorbis: bf7c407c2cedff20999df2af8eb42d56 -> 
========================================================================
Received Import Request.
  Time since last request: 12058.583770 seconds.
  path: Assets/Textures/Wenrexa Interface UI KIT #4/PNG 1/ResIcon31.png
  artifactKey: Guid(3239236e6832d374e934a1b5f41b2ea2) Importer(815301076,1909f56bfc062723c751e8b465ee728b)
Start importing Assets/Textures/Wenrexa Interface UI KIT #4/PNG 1/ResIcon31.png using Guid(3239236e6832d374e934a1b5f41b2ea2) Importer(815301076,1909f56bfc062723c751e8b465ee728b)  -> (artifact id: '86f5f50c096227930b6f5a3821c7876b') in 0.085032 seconds 
========================================================================
Received Import Request.
  Time since last request: 0.240320 seconds.
  path: Assets/Textures/Wenrexa Interface UI KIT #4/PNG 1/ResIcon25.png
  artifactKey: Guid(e8bc349c03d91b047bf315873bb1375d) Importer(815301076,1909f56bfc062723c751e8b465ee728b)
Start importing Assets/Textures/Wenrexa Interface UI KIT #4/PNG 1/ResIcon25.png using Guid(e8bc349c03d91b047bf315873bb1375d) Importer(815301076,1909f56bfc062723c751e8b465ee728b)  -> (artifact id: '0c40115f11f76dd3b52fd7f5e9b213b4') in 0.018230 seconds 
========================================================================
Received Import Request.
  Time since last request: 0.018094 seconds.
  path: Assets/Textures/Wenrexa Interface UI KIT #4/PNG 1/ResIcon22.png
  artifactKey: Guid(92ee38cffa911be4e83422c2177884c6) Importer(815301076,1909f56bfc062723c751e8b465ee728b)
Start importing Assets/Textures/Wenrexa Interface UI KIT #4/PNG 1/ResIcon22.png using Guid(92ee38cffa911be4e83422c2177884c6) Importer(815301076,1909f56bfc062723c751e8b465ee728b)  -> (artifact id: '89c659232096aad1a0bdbbf365a05942') in 0.013817 seconds 
========================================================================
Received Import Request.
  Time since last request: 0.000027 seconds.
  path: Assets/Textures/Wenrexa Interface UI KIT #4/PNG 1/ResIcon24.png
  artifactKey: Guid(6bf3f0e3a358f9f4aae9b748470977c4) Importer(815301076,1909f56bfc062723c751e8b465ee728b)
Start importing Assets/Textures/Wenrexa Interface UI KIT #4/PNG 1/ResIcon24.png using Guid(6bf3f0e3a358f9f4aae9b748470977c4) Importer(815301076,1909f56bfc062723c751e8b465ee728b)  -> (artifact id: '4398811ac02ab6394f386d2f9147877b') in 0.013007 seconds 
========================================================================
Received Import Request.
  Time since last request: 0.000025 seconds.
  path: Assets/Textures/Wenrexa Interface UI KIT #4/PNG 1/ResIcon20.png
  artifactKey: Guid(773a82547fde1d148af1c615e9a31582) Importer(815301076,1909f56bfc062723c751e8b465ee728b)
Start importing Assets/Textures/Wenrexa Interface UI KIT #4/PNG 1/ResIcon20.png using Guid(773a82547fde1d148af1c615e9a31582) Importer(815301076,1909f56bfc062723c751e8b465ee728b)  -> (artifact id: 'c9e5f79f6e76f26739bfeba85df0b45a') in 0.015527 seconds 
========================================================================
Received Import Request.
  Time since last request: 0.257916 seconds.
  path: Assets/Textures/Wenrexa Interface UI KIT #4/PNG 1/ResIcon13.png
  artifactKey: Guid(b58487d321cb14441bc60b19915e1b9c) Importer(815301076,1909f56bfc062723c751e8b465ee728b)
Start importing Assets/Textures/Wenrexa Interface UI KIT #4/PNG 1/ResIcon13.png using Guid(b58487d321cb14441bc60b19915e1b9c) Importer(815301076,1909f56bfc062723c751e8b465ee728b)  -> (artifact id: '58e97fcf3baba5cf19ea382830b6faf6') in 0.013902 seconds 
========================================================================
Received Import Request.
  Time since last request: 0.000028 seconds.
  path: Assets/Textures/Wenrexa Interface UI KIT #4/PNG 1/ResIcon12.png
  artifactKey: Guid(8e37b4849ba84da4abe6969c571cfc2d) Importer(815301076,1909f56bfc062723c751e8b465ee728b)
Start importing Assets/Textures/Wenrexa Interface UI KIT #4/PNG 1/ResIcon12.png using Guid(8e37b4849ba84da4abe6969c571cfc2d) Importer(815301076,1909f56bfc062723c751e8b465ee728b)  -> (artifact id: '6599fada7893597483251480a8c06dd1') in 0.014833 seconds 
========================================================================
Received Import Request.
  Time since last request: 0.261669 seconds.
  path: Assets/Textures/Wenrexa Interface UI KIT #4/PNG 1/ResIcon03.png
  artifactKey: Guid(caafd011f102e2a40b543c40cdfb97c3) Importer(815301076,1909f56bfc062723c751e8b465ee728b)
Start importing Assets/Textures/Wenrexa Interface UI KIT #4/PNG 1/ResIcon03.png using Guid(caafd011f102e2a40b543c40cdfb97c3) Importer(815301076,1909f56bfc062723c751e8b465ee728b)  -> (artifact id: 'cf1e82249694958f2d3303835ef885de') in 0.014965 seconds 
========================================================================
Received Import Request.
  Time since last request: 0.229322 seconds.
  path: Assets/StarterAssets/ThirdPersonController/Scenes/Playground/ReflectionProbe-1.exr
  artifactKey: Guid(1b8a4de7469ad774c80dd6678d94e6b9) Importer(815301076,1909f56bfc062723c751e8b465ee728b)
Start importing Assets/StarterAssets/ThirdPersonController/Scenes/Playground/ReflectionProbe-1.exr using Guid(1b8a4de7469ad774c80dd6678d94e6b9) Importer(815301076,1909f56bfc062723c751e8b465ee728b)  -> (artifact id: 'e7ee97a9ee1fd0bc0f868f985c45bd3d') in 0.223855 seconds 
========================================================================
Received Import Request.
  Time since last request: 0.418669 seconds.
  path: Assets/Invector-3rdPersonController_LITE/3D Models/Textures/prototype_textures/Textures/NormalMap (2).png
  artifactKey: Guid(c64df1cff1fb4fb49ac5ced10b53a060) Importer(815301076,1909f56bfc062723c751e8b465ee728b)
Start importing Assets/Invector-3rdPersonController_LITE/3D Models/Textures/prototype_textures/Textures/NormalMap (2).png using Guid(c64df1cff1fb4fb49ac5ced10b53a060) Importer(815301076,1909f56bfc062723c751e8b465ee728b)  -> (artifact id: '60b018ac02cee69e9ef639739253fbea') in 0.018752 seconds 
========================================================================
Received Import Request.
  Time since last request: 0.000022 seconds.
  path: Assets/Invector-3rdPersonController_LITE/Resources/mobileIcon.png
  artifactKey: Guid(a6b51ebd9c9022e469a9fed765f63938) Importer(815301076,1909f56bfc062723c751e8b465ee728b)
Start importing Assets/Invector-3rdPersonController_LITE/Resources/mobileIcon.png using Guid(a6b51ebd9c9022e469a9fed765f63938) Importer(815301076,1909f56bfc062723c751e8b465ee728b)  -> (artifact id: '47726c2b25df8da5a3c6ba9dbae9008d') in 0.014693 seconds 
========================================================================
Received Import Request.
  Time since last request: 0.294529 seconds.
  path: Assets/Invector-3rdPersonController_LITE/3D Models/Textures/prototype_textures/Textures/metal.jpg
  artifactKey: Guid(aa2e29011c31245428ec0bdfd26e8d80) Importer(815301076,1909f56bfc062723c751e8b465ee728b)
Start importing Assets/Invector-3rdPersonController_LITE/3D Models/Textures/prototype_textures/Textures/metal.jpg using Guid(aa2e29011c31245428ec0bdfd26e8d80) Importer(815301076,1909f56bfc062723c751e8b465ee728b)  -> (artifact id: '781faef2032cf86cc26ca680e975881a') in 0.017052 seconds 
========================================================================
Received Import Request.
  Time since last request: 0.809462 seconds.
  path: Assets/Invector-3rdPersonController_LITE/3D Models/Textures/basicTextures/Melee-Logo.png
  artifactKey: Guid(afc1f4ecbdcff7748a784b17612054ab) Importer(815301076,1909f56bfc062723c751e8b465ee728b)
Start importing Assets/Invector-3rdPersonController_LITE/3D Models/Textures/basicTextures/Melee-Logo.png using Guid(afc1f4ecbdcff7748a784b17612054ab) Importer(815301076,1909f56bfc062723c751e8b465ee728b)  -> (artifact id: '876d4bf5c127ceedf93666bf2b9064f5') in 0.044792 seconds 
========================================================================
Received Import Request.
  Time since last request: 5.533500 seconds.
  path: Assets/Invector-3rdPersonController_LITE/3D Models/Textures/basicTextures/locomotion_statuePlate_OCC2.png
  artifactKey: Guid(c0dc1d586d3eb134583639343a494d3e) Importer(815301076,1909f56bfc062723c751e8b465ee728b)
Start importing Assets/Invector-3rdPersonController_LITE/3D Models/Textures/basicTextures/locomotion_statuePlate_OCC2.png using Guid(c0dc1d586d3eb134583639343a494d3e) Importer(815301076,1909f56bfc062723c751e8b465ee728b)  -> (artifact id: '6931a7a1ad33d173bb3e61e67808f98a') in 0.014722 seconds 
========================================================================
Received Import Request.
  Time since last request: 0.000025 seconds.
  path: Assets/Invector-3rdPersonController_LITE/3D Models/Textures/basicTextures/locomotion_statuePlate_NRM2.png
  artifactKey: Guid(7383eb6f15010bb4dab02061848e6535) Importer(815301076,1909f56bfc062723c751e8b465ee728b)
Start importing Assets/Invector-3rdPersonController_LITE/3D Models/Textures/basicTextures/locomotion_statuePlate_NRM2.png using Guid(7383eb6f15010bb4dab02061848e6535) Importer(815301076,1909f56bfc062723c751e8b465ee728b)  -> (artifact id: '588695b08a3d7b12ff31bea51da83c1f') in 0.013531 seconds 
========================================================================
Received Import Request.
  Time since last request: 0.348264 seconds.
  path: Assets/Invector-3rdPersonController_LITE/Resources/icon_v2.png
  artifactKey: Guid(0536d8ada72a6ac4695386ea4bcd1ebe) Importer(815301076,1909f56bfc062723c751e8b465ee728b)
Start importing Assets/Invector-3rdPersonController_LITE/Resources/icon_v2.png using Guid(0536d8ada72a6ac4695386ea4bcd1ebe) Importer(815301076,1909f56bfc062723c751e8b465ee728b)  -> (artifact id: 'aa566e1ee92eab9d6bc0539c428bcc33') in 0.023508 seconds 
========================================================================
Received Import Request.
  Time since last request: 0.000045 seconds.
  path: Assets/Textures/Wenrexa Interface UI KIT #4/PNG/Icons/Icon37.png
  artifactKey: Guid(bcd55d18e52a5e44a99fa5473c8f9074) Importer(815301076,1909f56bfc062723c751e8b465ee728b)
Start importing Assets/Textures/Wenrexa Interface UI KIT #4/PNG/Icons/Icon37.png using Guid(bcd55d18e52a5e44a99fa5473c8f9074) Importer(815301076,1909f56bfc062723c751e8b465ee728b)  -> (artifact id: 'a2022c06e01a055d9c46f1d3e1eaa104') in 0.019256 seconds 
========================================================================
Received Import Request.
  Time since last request: 0.603734 seconds.
  path: Assets/Textures/Wenrexa Interface UI KIT #4/PNG/Icons/Icon22.png
  artifactKey: Guid(a7d7cbbffd8aa00449402f165cf4a9bb) Importer(815301076,1909f56bfc062723c751e8b465ee728b)
Start importing Assets/Textures/Wenrexa Interface UI KIT #4/PNG/Icons/Icon22.png using Guid(a7d7cbbffd8aa00449402f165cf4a9bb) Importer(815301076,1909f56bfc062723c751e8b465ee728b)  -> (artifact id: '0ddee99d2ba8cdab7a0b46bd260a13da') in 0.014401 seconds 
========================================================================
Received Import Request.
  Time since last request: 0.026954 seconds.
  path: Assets/Textures/Wenrexa Interface UI KIT #4/PNG 1/Icon19.png
  artifactKey: Guid(b6b415cb6ffa21041b526bbc500e9338) Importer(815301076,1909f56bfc062723c751e8b465ee728b)
Start importing Assets/Textures/Wenrexa Interface UI KIT #4/PNG 1/Icon19.png using Guid(b6b415cb6ffa21041b526bbc500e9338) Importer(815301076,1909f56bfc062723c751e8b465ee728b)  -> (artifact id: '365d0dd69715423731592eb4e932da46') in 0.018114 seconds 
========================================================================
Received Import Request.
  Time since last request: 0.286743 seconds.
  path: Assets/Textures/Wenrexa Interface UI KIT #4/PNG 1/Icon17.png
  artifactKey: Guid(b52c7aa66d549f749b4254d06262955a) Importer(815301076,1909f56bfc062723c751e8b465ee728b)
Start importing Assets/Textures/Wenrexa Interface UI KIT #4/PNG 1/Icon17.png using Guid(b52c7aa66d549f749b4254d06262955a) Importer(815301076,1909f56bfc062723c751e8b465ee728b)  -> (artifact id: '7a2ca1cc9ac3c98c940dd319154f678c') in 0.014357 seconds 
========================================================================
Received Import Request.
  Time since last request: 0.000033 seconds.
  path: Assets/Textures/Wenrexa Interface UI KIT #4/PNG 1/Icon16.png
  artifactKey: Guid(10079e4f5520e81408c9ba568a1871ee) Importer(815301076,1909f56bfc062723c751e8b465ee728b)
Start importing Assets/Textures/Wenrexa Interface UI KIT #4/PNG 1/Icon16.png using Guid(10079e4f5520e81408c9ba568a1871ee) Importer(815301076,1909f56bfc062723c751e8b465ee728b)  -> (artifact id: 'ed8859a69b2679aeaf6216bd0a1dfd33') in 0.020910 seconds 
========================================================================
Received Import Request.
  Time since last request: 0.001865 seconds.
  path: Assets/Textures/Wenrexa Interface UI KIT #4/PNG 1/Icon13.png
  artifactKey: Guid(77cc38a2931b56c40a8691f7fbfe1924) Importer(815301076,1909f56bfc062723c751e8b465ee728b)
Start importing Assets/Textures/Wenrexa Interface UI KIT #4/PNG 1/Icon13.png using Guid(77cc38a2931b56c40a8691f7fbfe1924) Importer(815301076,1909f56bfc062723c751e8b465ee728b)  -> (artifact id: '4e55410edf399b619e011cfbb230d9bf') in 0.022535 seconds 
========================================================================
Received Import Request.
  Time since last request: 0.000029 seconds.
  path: Assets/Textures/Wenrexa Interface UI KIT #4/PNG/Icons/Icon13.png
  artifactKey: Guid(e5721097ac310dd46908ea58b214712e) Importer(815301076,1909f56bfc062723c751e8b465ee728b)
Start importing Assets/Textures/Wenrexa Interface UI KIT #4/PNG/Icons/Icon13.png using Guid(e5721097ac310dd46908ea58b214712e) Importer(815301076,1909f56bfc062723c751e8b465ee728b)  -> (artifact id: '23827fea02ff1ff1d84c3cf60a4924fe') in 0.012893 seconds 
========================================================================
Received Import Request.
  Time since last request: 0.196485 seconds.
  path: Assets/Textures/Wenrexa Interface UI KIT #4/PNG 1/Icon08.png
  artifactKey: Guid(a3172d4f7658dcc4c852aa278f80628e) Importer(815301076,1909f56bfc062723c751e8b465ee728b)
Start importing Assets/Textures/Wenrexa Interface UI KIT #4/PNG 1/Icon08.png using Guid(a3172d4f7658dcc4c852aa278f80628e) Importer(815301076,1909f56bfc062723c751e8b465ee728b)  -> (artifact id: '5bcc2c3159826a9c80c9144281bea6ff') in 0.013921 seconds 
========================================================================
Received Prepare
Registering precompiled user dll's ...
Registered in 0.008634 seconds.
Begin MonoManager ReloadAssembly
Symbol file LoadedFromMemory is not a mono symbol file
Symbol file LoadedFromMemory doesn't match image C:\Unity Projects\ASII - Killerpredate\Unity - Killerpredate\Library\PackageCache\com.unity.visualscripting@1.7.8\Editor\VisualScripting.Core\Dependencies\YamlDotNet\Unity.VisualScripting.YamlDotNet.dll
Symbol file LoadedFromMemory doesn't match image C:\Unity Projects\ASII - Killerpredate\Unity - Killerpredate\Library\PackageCache\com.unity.visualscripting@1.7.8\Editor\VisualScripting.Core\Dependencies\DotNetZip\Unity.VisualScripting.IonicZip.dll
Native extension for WindowsStandalone target not found
Native extension for WebGL target not found
Refreshing native plugins compatible for Editor in 2.83 ms, found 3 plugins.
Preloading 0 native plugins for Editor in 0.00 ms.
Mono: successfully reloaded assembly
- Completed reload, in  1.496 seconds
Domain Reload Profiling:
	ReloadAssembly (1497ms)
		BeginReloadAssembly (164ms)
			ExecutionOrderSort (0ms)
			DisableScriptedObjects (7ms)
			BackupInstance (0ms)
			ReleaseScriptingObjects (0ms)
			CreateAndSetChildDomain (57ms)
		EndReloadAssembly (1217ms)
			LoadAssemblies (106ms)
			RebuildTransferFunctionScriptingTraits (0ms)
			SetupTypeCache (363ms)
			ReleaseScriptCaches (3ms)
			RebuildScriptCaches (58ms)
			SetupLoadedEditorAssemblies (608ms)
				LogAssemblyErrors (0ms)
				InitializePlatformSupportModulesInManaged (14ms)
				SetLoadedEditorAssemblies (1ms)
				RefreshPlugins (3ms)
				BeforeProcessingInitializeOnLoad (117ms)
				ProcessInitializeOnLoadAttributes (346ms)
				ProcessInitializeOnLoadMethodAttributes (121ms)
				AfterProcessingInitializeOnLoad (6ms)
				EditorAssembliesLoaded (0ms)
			ExecutionOrderSort2 (0ms)
			AwakeInstancesAfterBackupRestoration (14ms)
Platform modules already initialized, skipping
Refreshing native plugins compatible for Editor in 3.16 ms, found 3 plugins.
Preloading 0 native plugins for Editor in 0.00 ms.
Unloading 7331 Unused Serialized files (Serialized files now loaded: 0)
Unloading 40 unused Assets / (0.8 MB). Loaded Objects now: 8056.
Memory consumption went from 295.9 MB to 295.0 MB.
Total: 4.409700 ms (FindLiveObjects: 0.637700 ms CreateObjectMapping: 0.192500 ms MarkObjects: 3.166100 ms  DeleteObjects: 0.412500 ms)

AssetImportParameters requested are different than current active one (requested -> active):
  custom:video-decoder-ogg-theora: a1e56fd34408186e4bbccfd4996cb3dc -> 
  custom:container-muxer-webm: aa71ff27fc2769a1b78a27578f13a17b -> 
  custom:container-demuxer-webm: 4f35f7cbe854078d1ac9338744f61a02 -> 
  custom:video-encoder-webm-vp8: eb34c28f22e8b96e1ab97ce403110664 -> 
  custom:audio-encoder-webm-vorbis: bf7c407c2cedff20999df2af8eb42d56 -> 
  custom:framework-win-MediaFoundation: 216162199b28c13a410421893ffa2e32 -> 
  custom:SearchIndexIgnoredProperties: e643bd26f0fe6173181afceb89e7c659 -> 
  custom:container-demuxer-ogg: 62fdf1f143b41e24485cea50d1cbac27 -> 
  custom:video-decoder-webm-vp8: 9c59270c3fd7afecdb556c50c9e8de78 -> 
  custom:audio-decoder-ogg-vorbis: bf7c407c2cedff20999df2af8eb42d56 -> 
========================================================================
Received Prepare
Registering precompiled user dll's ...
Registered in 0.010574 seconds.
Begin MonoManager ReloadAssembly
Symbol file LoadedFromMemory is not a mono symbol file
Symbol file LoadedFromMemory doesn't match image C:\Unity Projects\ASII - Killerpredate\Unity - Killerpredate\Library\PackageCache\com.unity.visualscripting@1.7.8\Editor\VisualScripting.Core\Dependencies\YamlDotNet\Unity.VisualScripting.YamlDotNet.dll
Symbol file LoadedFromMemory doesn't match image C:\Unity Projects\ASII - Killerpredate\Unity - Killerpredate\Library\PackageCache\com.unity.visualscripting@1.7.8\Editor\VisualScripting.Core\Dependencies\DotNetZip\Unity.VisualScripting.IonicZip.dll
Native extension for WindowsStandalone target not found
Native extension for WebGL target not found
Refreshing native plugins compatible for Editor in 1.57 ms, found 3 plugins.
Preloading 0 native plugins for Editor in 0.00 ms.
Mono: successfully reloaded assembly
- Completed reload, in  1.486 seconds
Domain Reload Profiling:
	ReloadAssembly (1487ms)
		BeginReloadAssembly (150ms)
			ExecutionOrderSort (0ms)
			DisableScriptedObjects (4ms)
			BackupInstance (0ms)
			ReleaseScriptingObjects (0ms)
			CreateAndSetChildDomain (58ms)
		EndReloadAssembly (1241ms)
			LoadAssemblies (103ms)
			RebuildTransferFunctionScriptingTraits (0ms)
			SetupTypeCache (357ms)
			ReleaseScriptCaches (3ms)
			RebuildScriptCaches (55ms)
			SetupLoadedEditorAssemblies (632ms)
				LogAssemblyErrors (0ms)
				InitializePlatformSupportModulesInManaged (12ms)
				SetLoadedEditorAssemblies (0ms)
				RefreshPlugins (2ms)
				BeforeProcessingInitializeOnLoad (113ms)
				ProcessInitializeOnLoadAttributes (379ms)
				ProcessInitializeOnLoadMethodAttributes (120ms)
				AfterProcessingInitializeOnLoad (5ms)
				EditorAssembliesLoaded (0ms)
			ExecutionOrderSort2 (0ms)
			AwakeInstancesAfterBackupRestoration (11ms)
Platform modules already initialized, skipping
Refreshing native plugins compatible for Editor in 5.01 ms, found 3 plugins.
Preloading 0 native plugins for Editor in 0.00 ms.
Unloading 7331 Unused Serialized files (Serialized files now loaded: 0)
Unloading 40 unused Assets / (0.8 MB). Loaded Objects now: 8071.
Memory consumption went from 295.8 MB to 295.0 MB.
Total: 5.677700 ms (FindLiveObjects: 0.708300 ms CreateObjectMapping: 0.206400 ms MarkObjects: 4.296400 ms  DeleteObjects: 0.465000 ms)

AssetImportParameters requested are different than current active one (requested -> active):
  custom:video-decoder-ogg-theora: a1e56fd34408186e4bbccfd4996cb3dc -> 
  custom:container-muxer-webm: aa71ff27fc2769a1b78a27578f13a17b -> 
  custom:container-demuxer-webm: 4f35f7cbe854078d1ac9338744f61a02 -> 
  custom:video-encoder-webm-vp8: eb34c28f22e8b96e1ab97ce403110664 -> 
  custom:audio-encoder-webm-vorbis: bf7c407c2cedff20999df2af8eb42d56 -> 
  custom:framework-win-MediaFoundation: 216162199b28c13a410421893ffa2e32 -> 
  custom:SearchIndexIgnoredProperties: e643bd26f0fe6173181afceb89e7c659 -> 
  custom:container-demuxer-ogg: 62fdf1f143b41e24485cea50d1cbac27 -> 
  custom:video-decoder-webm-vp8: 9c59270c3fd7afecdb556c50c9e8de78 -> 
  custom:audio-decoder-ogg-vorbis: bf7c407c2cedff20999df2af8eb42d56 -> 
Editor requested this worker to shutdown with reason: Scaling down because of idle timeout
AssetImportWorker is now disconnected from the server
Process exiting
Exiting without the bug reporter. Application will terminate with return code 0